[1.408s] Invoking command in '/home/lab-3d/dobot_ws/src/DOBOT_6Axis_ROS2_V4/simulacija': PYTHONPATH=/home/lab-3d/dobot_ws/build/simulacija/prefix_override:/usr/lib/python3/dist-packages/colcon_core/task/python/colcon_distutils_commands:/home/lab-3d/dobot_ws/install/simulacija/lib/python3.10/site-packages:${PYTHONPATH} /usr/bin/python3 -W ignore:setup.py install is deprecated -W ignore:easy_install command is deprecated setup.py egg_info --egg-base ../../../build/simulacija build --build-base /home/lab-3d/dobot_ws/build/simulacija/build install --record /home/lab-3d/dobot_ws/build/simulacija/install.log --single-version-externally-managed install_data
[1.568s] running egg_info
[1.569s] writing ../../../build/simulacija/simulacija.egg-info/PKG-INFO
[1.569s] writing dependency_links to ../../../build/simulacija/simulacija.egg-info/dependency_links.txt
[1.569s] writing entry points to ../../../build/simulacija/simulacija.egg-info/entry_points.txt
[1.569s] writing requirements to ../../../build/simulacija/simulacija.egg-info/requires.txt
[1.569s] writing top-level names to ../../../build/simulacija/simulacija.egg-info/top_level.txt
[1.570s] reading manifest file '../../../build/simulacija/simulacija.egg-info/SOURCES.txt'
[1.570s] writing manifest file '../../../build/simulacija/simulacija.egg-info/SOURCES.txt'
[1.570s] running build
[1.570s] running build_py
[1.571s] running install
[1.571s] running install_lib
[1.571s] running install_data
[1.571s] running install_egg_info
[1.572s] removing '/home/lab-3d/dobot_ws/install/simulacija/lib/python3.10/site-packages/simulacija-0.0.0-py3.10.egg-info' (and everything under it)
[1.573s] Copying ../../../build/simulacija/simulacija.egg-info to /home/lab-3d/dobot_ws/install/simulacija/lib/python3.10/site-packages/simulacija-0.0.0-py3.10.egg-info
[1.574s] running install_scripts
[1.585s] Installing inverse script to /home/lab-3d/dobot_ws/install/simulacija/lib/simulacija
[1.585s] Installing premik script to /home/lab-3d/dobot_ws/install/simulacija/lib/simulacija
[1.586s] writing list of installed files to '/home/lab-3d/dobot_ws/build/simulacija/install.log'
[1.614s] Invoked command in '/home/lab-3d/dobot_ws/src/DOBOT_6Axis_ROS2_V4/simulacija' returned '0': PYTHONPATH=/home/lab-3d/dobot_ws/build/simulacija/prefix_override:/usr/lib/python3/dist-packages/colcon_core/task/python/colcon_distutils_commands:/home/lab-3d/dobot_ws/install/simulacija/lib/python3.10/site-packages:${PYTHONPATH} /usr/bin/python3 -W ignore:setup.py install is deprecated -W ignore:easy_install command is deprecated setup.py egg_info --egg-base ../../../build/simulacija build --build-base /home/lab-3d/dobot_ws/build/simulacija/build install --record /home/lab-3d/dobot_ws/build/simulacija/install.log --single-version-externally-managed install_data
