[1.453s] Invoking command in '/home/lab-3d/dobot_ws/src/DOBOT_6Axis_ROS2_V4/kamera': PYTHONPATH=/home/lab-3d/dobot_ws/build/kamera/prefix_override:/usr/lib/python3/dist-packages/colcon_core/task/python/colcon_distutils_commands:/home/lab-3d/dobot_ws/install/kamera/lib/python3.10/site-packages:${PYTHONPATH} /usr/bin/python3 -W ignore:setup.py install is deprecated -W ignore:easy_install command is deprecated setup.py egg_info --egg-base ../../../build/kamera build --build-base /home/lab-3d/dobot_ws/build/kamera/build install --record /home/lab-3d/dobot_ws/build/kamera/install.log --single-version-externally-managed install_data
[1.616s] running egg_info
[1.618s] writing ../../../build/kamera/kamera.egg-info/PKG-INFO
[1.618s] writing dependency_links to ../../../build/kamera/kamera.egg-info/dependency_links.txt
[1.618s] writing entry points to ../../../build/kamera/kamera.egg-info/entry_points.txt
[1.618s] writing requirements to ../../../build/kamera/kamera.egg-info/requires.txt
[1.618s] writing top-level names to ../../../build/kamera/kamera.egg-info/top_level.txt
[1.619s] reading manifest file '../../../build/kamera/kamera.egg-info/SOURCES.txt'
[1.620s] writing manifest file '../../../build/kamera/kamera.egg-info/SOURCES.txt'
[1.620s] running build
[1.621s] running build_py
[1.621s] running install
[1.621s] running install_lib
[1.621s] running install_data
[1.621s] running install_egg_info
[1.622s] removing '/home/lab-3d/dobot_ws/install/kamera/lib/python3.10/site-packages/kamera-0.0.0-py3.10.egg-info' (and everything under it)
[1.622s] Copying ../../../build/kamera/kamera.egg-info to /home/lab-3d/dobot_ws/install/kamera/lib/python3.10/site-packages/kamera-0.0.0-py3.10.egg-info
[1.622s] running install_scripts
[1.633s] Installing improved_idea script to /home/lab-3d/dobot_ws/install/kamera/lib/kamera
[1.633s] Installing poravnava script to /home/lab-3d/dobot_ws/install/kamera/lib/kamera
[1.633s] Installing zajem_tock script to /home/lab-3d/dobot_ws/install/kamera/lib/kamera
[1.634s] writing list of installed files to '/home/lab-3d/dobot_ws/build/kamera/install.log'
[1.662s] Invoked command in '/home/lab-3d/dobot_ws/src/DOBOT_6Axis_ROS2_V4/kamera' returned '0': PYTHONPATH=/home/lab-3d/dobot_ws/build/kamera/prefix_override:/usr/lib/python3/dist-packages/colcon_core/task/python/colcon_distutils_commands:/home/lab-3d/dobot_ws/install/kamera/lib/python3.10/site-packages:${PYTHONPATH} /usr/bin/python3 -W ignore:setup.py install is deprecated -W ignore:easy_install command is deprecated setup.py egg_info --egg-base ../../../build/kamera build --build-base /home/lab-3d/dobot_ws/build/kamera/build install --record /home/lab-3d/dobot_ws/build/kamera/install.log --single-version-externally-managed install_data
