[0.030s] Invoking command in '/home/lab-3d/dobot_ws/build/dobot_gazebo': CMAKE_PREFIX_PATH=/home/lab-3d/dobot_ws/install/cra_description:/home/lab-3d/dobot_ws/install/cr5_moveit:/home/lab-3d/dobot_ws/install/dobot_rviz:/home/lab-3d/dobot_ws/install/cr_robot_ros2:/home/lab-3d/dobot_ws/install/dobot_msgs_v4:/home/lab-3d/dobot_ws/install/dobot_gazebo:/home/lab-3d/dobot_ws/install/tf_med_ks:/home/lab-3d/dobot_ws/install/simulacija:/home/lab-3d/dobot_ws/install/miza:/home/lab-3d/dobot_ws/install/kamera:/home/lab-3d/dobot_ws/install/final_pkg:/home/lab-3d/dobot_ws/install/dobot_moveit:/home/lab-3d/dobot_ws/install/dobot_demo:/opt/ros/humble /usr/bin/cmake --build /home/lab-3d/dobot_ws/build/dobot_gazebo -- -j24 -l24
[0.225s] Invoked command in '/home/lab-3d/dobot_ws/build/dobot_gazebo' returned '0': CMAKE_PREFIX_PATH=/home/lab-3d/dobot_ws/install/cra_description:/home/lab-3d/dobot_ws/install/cr5_moveit:/home/lab-3d/dobot_ws/install/dobot_rviz:/home/lab-3d/dobot_ws/install/cr_robot_ros2:/home/lab-3d/dobot_ws/install/dobot_msgs_v4:/home/lab-3d/dobot_ws/install/dobot_gazebo:/home/lab-3d/dobot_ws/install/tf_med_ks:/home/lab-3d/dobot_ws/install/simulacija:/home/lab-3d/dobot_ws/install/miza:/home/lab-3d/dobot_ws/install/kamera:/home/lab-3d/dobot_ws/install/final_pkg:/home/lab-3d/dobot_ws/install/dobot_moveit:/home/lab-3d/dobot_ws/install/dobot_demo:/opt/ros/humble /usr/bin/cmake --build /home/lab-3d/dobot_ws/build/dobot_gazebo -- -j24 -l24
[0.226s] Invoking command in '/home/lab-3d/dobot_ws/build/dobot_gazebo': CMAKE_PREFIX_PATH=/home/lab-3d/dobot_ws/install/cra_description:/home/lab-3d/dobot_ws/install/cr5_moveit:/home/lab-3d/dobot_ws/install/dobot_rviz:/home/lab-3d/dobot_ws/install/cr_robot_ros2:/home/lab-3d/dobot_ws/install/dobot_msgs_v4:/home/lab-3d/dobot_ws/install/dobot_gazebo:/home/lab-3d/dobot_ws/install/tf_med_ks:/home/lab-3d/dobot_ws/install/simulacija:/home/lab-3d/dobot_ws/install/miza:/home/lab-3d/dobot_ws/install/kamera:/home/lab-3d/dobot_ws/install/final_pkg:/home/lab-3d/dobot_ws/install/dobot_moveit:/home/lab-3d/dobot_ws/install/dobot_demo:/opt/ros/humble /usr/bin/cmake --install /home/lab-3d/dobot_ws/build/dobot_gazebo
[0.230s] -- Install configuration: ""
[0.232s] -- Up-to-date: /home/lab-3d/dobot_ws/install/dobot_gazebo/share/dobot_gazebo/launch
[0.232s] -- Up-to-date: /home/lab-3d/dobot_ws/install/dobot_gazebo/share/dobot_gazebo/launch/dobot_gazebo.launch.py
[0.232s] -- Up-to-date: /home/lab-3d/dobot_ws/install/dobot_gazebo/share/dobot_gazebo/launch/gazebo_moveit.launch.py
[0.232s] -- Up-to-date: /home/lab-3d/dobot_ws/install/dobot_gazebo/share/dobot_gazebo/worlds
[0.232s] -- Up-to-date: /home/lab-3d/dobot_ws/install/dobot_gazebo/share/dobot_gazebo/worlds/cr.world
[0.232s] -- Up-to-date: /home/lab-3d/dobot_ws/install/dobot_gazebo/share/dobot_gazebo/config
[0.232s] -- Up-to-date: /home/lab-3d/dobot_ws/install/dobot_gazebo/share/dobot_gazebo/config/model.config
[0.232s] -- Up-to-date: /home/lab-3d/dobot_ws/install/dobot_gazebo/share/dobot_gazebo/config/moveitcpp.rviz
[0.232s] -- Up-to-date: /home/lab-3d/dobot_ws/install/dobot_gazebo/share/ament_index/resource_index/package_run_dependencies/dobot_gazebo
[0.232s] -- Up-to-date: /home/lab-3d/dobot_ws/install/dobot_gazebo/share/ament_index/resource_index/parent_prefix_path/dobot_gazebo
[0.232s] -- Up-to-date: /home/lab-3d/dobot_ws/install/dobot_gazebo/share/dobot_gazebo/environment/ament_prefix_path.sh
[0.233s] -- Up-to-date: /home/lab-3d/dobot_ws/install/dobot_gazebo/share/dobot_gazebo/environment/ament_prefix_path.dsv
[0.233s] -- Up-to-date: /home/lab-3d/dobot_ws/install/dobot_gazebo/share/dobot_gazebo/environment/path.sh
[0.233s] -- Up-to-date: /home/lab-3d/dobot_ws/install/dobot_gazebo/share/dobot_gazebo/environment/path.dsv
[0.233s] -- Up-to-date: /home/lab-3d/dobot_ws/install/dobot_gazebo/share/dobot_gazebo/local_setup.bash
[0.233s] -- Up-to-date: /home/lab-3d/dobot_ws/install/dobot_gazebo/share/dobot_gazebo/local_setup.sh
[0.233s] -- Up-to-date: /home/lab-3d/dobot_ws/install/dobot_gazebo/share/dobot_gazebo/local_setup.zsh
[0.236s] -- Up-to-date: /home/lab-3d/dobot_ws/install/dobot_gazebo/share/dobot_gazebo/local_setup.dsv
[0.236s] -- Up-to-date: /home/lab-3d/dobot_ws/install/dobot_gazebo/share/dobot_gazebo/package.dsv
[0.236s] -- Up-to-date: /home/lab-3d/dobot_ws/install/dobot_gazebo/share/ament_index/resource_index/packages/dobot_gazebo
[0.236s] -- Up-to-date: /home/lab-3d/dobot_ws/install/dobot_gazebo/share/dobot_gazebo/cmake/dobot_gazeboConfig.cmake
[0.236s] -- Up-to-date: /home/lab-3d/dobot_ws/install/dobot_gazebo/share/dobot_gazebo/cmake/dobot_gazeboConfig-version.cmake
[0.236s] -- Up-to-date: /home/lab-3d/dobot_ws/install/dobot_gazebo/share/dobot_gazebo/package.xml
[0.249s] Invoked command in '/home/lab-3d/dobot_ws/build/dobot_gazebo' returned '0': CMAKE_PREFIX_PATH=/home/lab-3d/dobot_ws/install/cra_description:/home/lab-3d/dobot_ws/install/cr5_moveit:/home/lab-3d/dobot_ws/install/dobot_rviz:/home/lab-3d/dobot_ws/install/cr_robot_ros2:/home/lab-3d/dobot_ws/install/dobot_msgs_v4:/home/lab-3d/dobot_ws/install/dobot_gazebo:/home/lab-3d/dobot_ws/install/tf_med_ks:/home/lab-3d/dobot_ws/install/simulacija:/home/lab-3d/dobot_ws/install/miza:/home/lab-3d/dobot_ws/install/kamera:/home/lab-3d/dobot_ws/install/final_pkg:/home/lab-3d/dobot_ws/install/dobot_moveit:/home/lab-3d/dobot_ws/install/dobot_demo:/opt/ros/humble /usr/bin/cmake --install /home/lab-3d/dobot_ws/build/dobot_gazebo
