running egg_info
writing ../../../build/final_pkg/final_pkg.egg-info/PKG-INFO
writing dependency_links to ../../../build/final_pkg/final_pkg.egg-info/dependency_links.txt
writing entry points to ../../../build/final_pkg/final_pkg.egg-info/entry_points.txt
writing requirements to ../../../build/final_pkg/final_pkg.egg-info/requires.txt
writing top-level names to ../../../build/final_pkg/final_pkg.egg-info/top_level.txt
reading manifest file '../../../build/final_pkg/final_pkg.egg-info/SOURCES.txt'
writing manifest file '../../../build/final_pkg/final_pkg.egg-info/SOURCES.txt'
running build
running build_py
copying final_pkg/keyboard_listener.py -> /home/lab-3d/dobot_ws/build/final_pkg/build/lib/final_pkg
running install
running install_lib
copying /home/lab-3d/dobot_ws/build/final_pkg/build/lib/final_pkg/keyboard_listener.py -> /home/lab-3d/dobot_ws/install/final_pkg/lib/python3.10/site-packages/final_pkg
byte-compiling /home/lab-3d/dobot_ws/install/final_pkg/lib/python3.10/site-packages/final_pkg/keyboard_listener.py to keyboard_listener.cpython-310.pyc
running install_data
running install_egg_info
removing '/home/lab-3d/dobot_ws/install/final_pkg/lib/python3.10/site-packages/final_pkg-0.0.0-py3.10.egg-info' (and everything under it)
Copying ../../../build/final_pkg/final_pkg.egg-info to /home/lab-3d/dobot_ws/install/final_pkg/lib/python3.10/site-packages/final_pkg-0.0.0-py3.10.egg-info
running install_scripts
Installing check script to /home/lab-3d/dobot_ws/install/final_pkg/lib/final_pkg
Installing check2 script to /home/lab-3d/dobot_ws/install/final_pkg/lib/final_pkg
Installing keyboard_listener script to /home/lab-3d/dobot_ws/install/final_pkg/lib/final_pkg
Installing node_first script to /home/lab-3d/dobot_ws/install/final_pkg/lib/final_pkg
Installing node_second script to /home/lab-3d/dobot_ws/install/final_pkg/lib/final_pkg
Installing node_second_zacetek script to /home/lab-3d/dobot_ws/install/final_pkg/lib/final_pkg
Installing read_from_json script to /home/lab-3d/dobot_ws/install/final_pkg/lib/final_pkg
Installing subscriber script to /home/lab-3d/dobot_ws/install/final_pkg/lib/final_pkg
Installing tmp script to /home/lab-3d/dobot_ws/install/final_pkg/lib/final_pkg
Installing tmp_sub script to /home/lab-3d/dobot_ws/install/final_pkg/lib/final_pkg
writing list of installed files to '/home/lab-3d/dobot_ws/build/final_pkg/install.log'
