running egg_info
creating ../../../build/kamera/kamera.egg-info
writing ../../../build/kamera/kamera.egg-info/PKG-INFO
writing dependency_links to ../../../build/kamera/kamera.egg-info/dependency_links.txt
writing entry points to ../../../build/kamera/kamera.egg-info/entry_points.txt
writing requirements to ../../../build/kamera/kamera.egg-info/requires.txt
writing top-level names to ../../../build/kamera/kamera.egg-info/top_level.txt
writing manifest file '../../../build/kamera/kamera.egg-info/SOURCES.txt'
reading manifest file '../../../build/kamera/kamera.egg-info/SOURCES.txt'
writing manifest file '../../../build/kamera/kamera.egg-info/SOURCES.txt'
running build
running build_py
creating /home/lab-3d/dobot_ws/build/kamera/build
creating /home/lab-3d/dobot_ws/build/kamera/build/lib
creating /home/lab-3d/dobot_ws/build/kamera/build/lib/kamera
copying kamera/moj_zajem.py -> /home/lab-3d/dobot_ws/build/kamera/build/lib/kamera
copying kamera/three_poses.py -> /home/lab-3d/dobot_ws/build/kamera/build/lib/kamera
copying kamera/idea.py -> /home/lab-3d/dobot_ws/build/kamera/build/lib/kamera
copying kamera/postopek.py -> /home/lab-3d/dobot_ws/build/kamera/build/lib/kamera
copying kamera/slika_za_postopek.py -> /home/lab-3d/dobot_ws/build/kamera/build/lib/kamera
copying kamera/zajem_tock.py -> /home/lab-3d/dobot_ws/build/kamera/build/lib/kamera
copying kamera/poravnava.py -> /home/lab-3d/dobot_ws/build/kamera/build/lib/kamera
copying kamera/__init__.py -> /home/lab-3d/dobot_ws/build/kamera/build/lib/kamera
copying kamera/point_iz_glb_fund_mod.py -> /home/lab-3d/dobot_ws/build/kamera/build/lib/kamera
copying kamera/improved_idea.py -> /home/lab-3d/dobot_ws/build/kamera/build/lib/kamera
running install
running install_lib
creating /home/lab-3d/dobot_ws/install/kamera/lib/python3.10/site-packages/kamera
copying /home/lab-3d/dobot_ws/build/kamera/build/lib/kamera/moj_zajem.py -> /home/lab-3d/dobot_ws/install/kamera/lib/python3.10/site-packages/kamera
copying /home/lab-3d/dobot_ws/build/kamera/build/lib/kamera/three_poses.py -> /home/lab-3d/dobot_ws/install/kamera/lib/python3.10/site-packages/kamera
copying /home/lab-3d/dobot_ws/build/kamera/build/lib/kamera/idea.py -> /home/lab-3d/dobot_ws/install/kamera/lib/python3.10/site-packages/kamera
copying /home/lab-3d/dobot_ws/build/kamera/build/lib/kamera/postopek.py -> /home/lab-3d/dobot_ws/install/kamera/lib/python3.10/site-packages/kamera
copying /home/lab-3d/dobot_ws/build/kamera/build/lib/kamera/slika_za_postopek.py -> /home/lab-3d/dobot_ws/install/kamera/lib/python3.10/site-packages/kamera
copying /home/lab-3d/dobot_ws/build/kamera/build/lib/kamera/zajem_tock.py -> /home/lab-3d/dobot_ws/install/kamera/lib/python3.10/site-packages/kamera
copying /home/lab-3d/dobot_ws/build/kamera/build/lib/kamera/poravnava.py -> /home/lab-3d/dobot_ws/install/kamera/lib/python3.10/site-packages/kamera
copying /home/lab-3d/dobot_ws/build/kamera/build/lib/kamera/__init__.py -> /home/lab-3d/dobot_ws/install/kamera/lib/python3.10/site-packages/kamera
copying /home/lab-3d/dobot_ws/build/kamera/build/lib/kamera/point_iz_glb_fund_mod.py -> /home/lab-3d/dobot_ws/install/kamera/lib/python3.10/site-packages/kamera
copying /home/lab-3d/dobot_ws/build/kamera/build/lib/kamera/improved_idea.py -> /home/lab-3d/dobot_ws/install/kamera/lib/python3.10/site-packages/kamera
byte-compiling /home/lab-3d/dobot_ws/install/kamera/lib/python3.10/site-packages/kamera/moj_zajem.py to moj_zajem.cpython-310.pyc
byte-compiling /home/lab-3d/dobot_ws/install/kamera/lib/python3.10/site-packages/kamera/three_poses.py to three_poses.cpython-310.pyc
byte-compiling /home/lab-3d/dobot_ws/install/kamera/lib/python3.10/site-packages/kamera/idea.py to idea.cpython-310.pyc
byte-compiling /home/lab-3d/dobot_ws/install/kamera/lib/python3.10/site-packages/kamera/postopek.py to postopek.cpython-310.pyc
byte-compiling /home/lab-3d/dobot_ws/install/kamera/lib/python3.10/site-packages/kamera/slika_za_postopek.py to slika_za_postopek.cpython-310.pyc
byte-compiling /home/lab-3d/dobot_ws/install/kamera/lib/python3.10/site-packages/kamera/zajem_tock.py to zajem_tock.cpython-310.pyc
byte-compiling /home/lab-3d/dobot_ws/install/kamera/lib/python3.10/site-packages/kamera/poravnava.py to poravnava.cpython-310.pyc
byte-compiling /home/lab-3d/dobot_ws/install/kamera/lib/python3.10/site-packages/kamera/__init__.py to __init__.cpython-310.pyc
byte-compiling /home/lab-3d/dobot_ws/install/kamera/lib/python3.10/site-packages/kamera/point_iz_glb_fund_mod.py to point_iz_glb_fund_mod.cpython-310.pyc
byte-compiling /home/lab-3d/dobot_ws/install/kamera/lib/python3.10/site-packages/kamera/improved_idea.py to improved_idea.cpython-310.pyc
running install_data
creating /home/lab-3d/dobot_ws/install/kamera/share/ament_index
creating /home/lab-3d/dobot_ws/install/kamera/share/ament_index/resource_index
creating /home/lab-3d/dobot_ws/install/kamera/share/ament_index/resource_index/packages
copying resource/kamera -> /home/lab-3d/dobot_ws/install/kamera/share/ament_index/resource_index/packages
copying package.xml -> /home/lab-3d/dobot_ws/install/kamera/share/kamera
running install_egg_info
Copying ../../../build/kamera/kamera.egg-info to /home/lab-3d/dobot_ws/install/kamera/lib/python3.10/site-packages/kamera-0.0.0-py3.10.egg-info
running install_scripts
Installing improved_idea script to /home/lab-3d/dobot_ws/install/kamera/lib/kamera
Installing poravnava script to /home/lab-3d/dobot_ws/install/kamera/lib/kamera
Installing zajem_tock script to /home/lab-3d/dobot_ws/install/kamera/lib/kamera
writing list of installed files to '/home/lab-3d/dobot_ws/build/kamera/install.log'
