running egg_info
writing ../../../build/miza/miza.egg-info/PKG-INFO
writing dependency_links to ../../../build/miza/miza.egg-info/dependency_links.txt
writing entry points to ../../../build/miza/miza.egg-info/entry_points.txt
writing requirements to ../../../build/miza/miza.egg-info/requires.txt
writing top-level names to ../../../build/miza/miza.egg-info/top_level.txt
reading manifest file '../../../build/miza/miza.egg-info/SOURCES.txt'
writing manifest file '../../../build/miza/miza.egg-info/SOURCES.txt'
running build
running build_py
running install
running install_lib
running install_data
running install_egg_info
removing '/home/lab-3d/dobot_ws/install/miza/lib/python3.10/site-packages/miza-0.0.0-py3.10.egg-info' (and everything under it)
Copying ../../../build/miza/miza.egg-info to /home/lab-3d/dobot_ws/install/miza/lib/python3.10/site-packages/miza-0.0.0-py3.10.egg-info
running install_scripts
Installing miza_client script to /home/lab-3d/dobot_ws/install/miza/lib/miza
Installing povezava script to /home/lab-3d/dobot_ws/install/miza/lib/miza
writing list of installed files to '/home/lab-3d/dobot_ws/build/miza/install.log'
