/home/lab-3d/dobot_ws/install/simulacija/lib/python3.10/site-packages/simulacija/premik.py
/home/lab-3d/dobot_ws/install/simulacija/lib/python3.10/site-packages/simulacija/inverse.py
/home/lab-3d/dobot_ws/install/simulacija/lib/python3.10/site-packages/simulacija/points.py
/home/lab-3d/dobot_ws/install/simulacija/lib/python3.10/site-packages/simulacija/get_rotation.py
/home/lab-3d/dobot_ws/install/simulacija/lib/python3.10/site-packages/simulacija/__init__.py
/home/lab-3d/dobot_ws/install/simulacija/lib/python3.10/site-packages/simulacija/__pycache__/premik.cpython-310.pyc
/home/lab-3d/dobot_ws/install/simulacija/lib/python3.10/site-packages/simulacija/__pycache__/inverse.cpython-310.pyc
/home/lab-3d/dobot_ws/install/simulacija/lib/python3.10/site-packages/simulacija/__pycache__/points.cpython-310.pyc
/home/lab-3d/dobot_ws/install/simulacija/lib/python3.10/site-packages/simulacija/__pycache__/get_rotation.cpython-310.pyc
/home/lab-3d/dobot_ws/install/simulacija/lib/python3.10/site-packages/simulacija/__pycache__/__init__.cpython-310.pyc
/home/lab-3d/dobot_ws/install/simulacija/share/ament_index/resource_index/packages/simulacija
/home/lab-3d/dobot_ws/install/simulacija/share/simulacija/package.xml
/home/lab-3d/dobot_ws/install/simulacija/lib/python3.10/site-packages/simulacija-0.0.0-py3.10.egg-info/PKG-INFO
/home/lab-3d/dobot_ws/install/simulacija/lib/python3.10/site-packages/simulacija-0.0.0-py3.10.egg-info/requires.txt
/home/lab-3d/dobot_ws/install/simulacija/lib/python3.10/site-packages/simulacija-0.0.0-py3.10.egg-info/entry_points.txt
/home/lab-3d/dobot_ws/install/simulacija/lib/python3.10/site-packages/simulacija-0.0.0-py3.10.egg-info/zip-safe
/home/lab-3d/dobot_ws/install/simulacija/lib/python3.10/site-packages/simulacija-0.0.0-py3.10.egg-info/SOURCES.txt
/home/lab-3d/dobot_ws/install/simulacija/lib/python3.10/site-packages/simulacija-0.0.0-py3.10.egg-info/top_level.txt
/home/lab-3d/dobot_ws/install/simulacija/lib/python3.10/site-packages/simulacija-0.0.0-py3.10.egg-info/dependency_links.txt
/home/lab-3d/dobot_ws/install/simulacija/lib/simulacija/inverse
/home/lab-3d/dobot_ws/install/simulacija/lib/simulacija/premik
