[0.007s] Invoking command in '/home/lab-3d/dobot_ws/build/cr5_moveit': CMAKE_PREFIX_PATH=/home/lab-3d/dobot_ws/install/dobot_rviz:/home/lab-3d/dobot_ws/install/cr5_moveit:/home/lab-3d/dobot_ws/install/cr_robot_ros2:/home/lab-3d/dobot_ws/install/dobot_msgs_v4:/home/lab-3d/dobot_ws/install/dobot_gazebo:/home/lab-3d/dobot_ws/install/cra_description:/home/lab-3d/dobot_ws/install/tf_med_ks:/home/lab-3d/dobot_ws/install/simulacija:/home/lab-3d/dobot_ws/install/miza:/home/lab-3d/dobot_ws/install/kamera:/home/lab-3d/dobot_ws/install/final_pkg:/home/lab-3d/dobot_ws/install/dobot_moveit:/home/lab-3d/dobot_ws/install/dobot_demo:/opt/ros/humble /usr/bin/cmake --build /home/lab-3d/dobot_ws/build/cr5_moveit -- -j24 -l24
[0.037s] Invoked command in '/home/lab-3d/dobot_ws/build/cr5_moveit' returned '0': CMAKE_PREFIX_PATH=/home/lab-3d/dobot_ws/install/dobot_rviz:/home/lab-3d/dobot_ws/install/cr5_moveit:/home/lab-3d/dobot_ws/install/cr_robot_ros2:/home/lab-3d/dobot_ws/install/dobot_msgs_v4:/home/lab-3d/dobot_ws/install/dobot_gazebo:/home/lab-3d/dobot_ws/install/cra_description:/home/lab-3d/dobot_ws/install/tf_med_ks:/home/lab-3d/dobot_ws/install/simulacija:/home/lab-3d/dobot_ws/install/miza:/home/lab-3d/dobot_ws/install/kamera:/home/lab-3d/dobot_ws/install/final_pkg:/home/lab-3d/dobot_ws/install/dobot_moveit:/home/lab-3d/dobot_ws/install/dobot_demo:/opt/ros/humble /usr/bin/cmake --build /home/lab-3d/dobot_ws/build/cr5_moveit -- -j24 -l24
[0.040s] Invoking command in '/home/lab-3d/dobot_ws/build/cr5_moveit': CMAKE_PREFIX_PATH=/home/lab-3d/dobot_ws/install/dobot_rviz:/home/lab-3d/dobot_ws/install/cr5_moveit:/home/lab-3d/dobot_ws/install/cr_robot_ros2:/home/lab-3d/dobot_ws/install/dobot_msgs_v4:/home/lab-3d/dobot_ws/install/dobot_gazebo:/home/lab-3d/dobot_ws/install/cra_description:/home/lab-3d/dobot_ws/install/tf_med_ks:/home/lab-3d/dobot_ws/install/simulacija:/home/lab-3d/dobot_ws/install/miza:/home/lab-3d/dobot_ws/install/kamera:/home/lab-3d/dobot_ws/install/final_pkg:/home/lab-3d/dobot_ws/install/dobot_moveit:/home/lab-3d/dobot_ws/install/dobot_demo:/opt/ros/humble /usr/bin/cmake --install /home/lab-3d/dobot_ws/build/cr5_moveit
[0.047s] -- Install configuration: ""
[0.047s] -- Up-to-date: /home/lab-3d/dobot_ws/install/cr5_moveit/share/ament_index/resource_index/package_run_dependencies/cr5_moveit
[0.047s] -- Up-to-date: /home/lab-3d/dobot_ws/install/cr5_moveit/share/ament_index/resource_index/parent_prefix_path/cr5_moveit
[0.047s] -- Up-to-date: /home/lab-3d/dobot_ws/install/cr5_moveit/share/cr5_moveit/environment/ament_prefix_path.sh
[0.047s] -- Up-to-date: /home/lab-3d/dobot_ws/install/cr5_moveit/share/cr5_moveit/environment/ament_prefix_path.dsv
[0.048s] -- Up-to-date: /home/lab-3d/dobot_ws/install/cr5_moveit/share/cr5_moveit/environment/path.sh
[0.048s] -- Up-to-date: /home/lab-3d/dobot_ws/install/cr5_moveit/share/cr5_moveit/environment/path.dsv
[0.048s] -- Up-to-date: /home/lab-3d/dobot_ws/install/cr5_moveit/share/cr5_moveit/local_setup.bash
[0.048s] -- Up-to-date: /home/lab-3d/dobot_ws/install/cr5_moveit/share/cr5_moveit/local_setup.sh
[0.048s] -- Up-to-date: /home/lab-3d/dobot_ws/install/cr5_moveit/share/cr5_moveit/local_setup.zsh
[0.048s] -- Up-to-date: /home/lab-3d/dobot_ws/install/cr5_moveit/share/cr5_moveit/local_setup.dsv
[0.048s] -- Installing: /home/lab-3d/dobot_ws/install/cr5_moveit/share/cr5_moveit/package.dsv
[0.048s] -- Up-to-date: /home/lab-3d/dobot_ws/install/cr5_moveit/share/ament_index/resource_index/packages/cr5_moveit
[0.048s] -- Up-to-date: /home/lab-3d/dobot_ws/install/cr5_moveit/share/cr5_moveit/cmake/cr5_moveitConfig.cmake
[0.049s] -- Up-to-date: /home/lab-3d/dobot_ws/install/cr5_moveit/share/cr5_moveit/cmake/cr5_moveitConfig-version.cmake
[0.049s] -- Up-to-date: /home/lab-3d/dobot_ws/install/cr5_moveit/share/cr5_moveit/package.xml
[0.049s] -- Up-to-date: /home/lab-3d/dobot_ws/install/cr5_moveit/share/cr5_moveit/launch
[0.049s] -- Up-to-date: /home/lab-3d/dobot_ws/install/cr5_moveit/share/cr5_moveit/launch/move_group.launch.py
[0.049s] -- Up-to-date: /home/lab-3d/dobot_ws/install/cr5_moveit/share/cr5_moveit/launch/demo.launch.py
[0.049s] -- Up-to-date: /home/lab-3d/dobot_ws/install/cr5_moveit/share/cr5_moveit/launch/dobot_moveit.launch.py
[0.049s] -- Up-to-date: /home/lab-3d/dobot_ws/install/cr5_moveit/share/cr5_moveit/launch/moveit_gazebo.launch.py
[0.049s] -- Up-to-date: /home/lab-3d/dobot_ws/install/cr5_moveit/share/cr5_moveit/launch/static_virtual_joint_tfs.launch.py
[0.049s] -- Up-to-date: /home/lab-3d/dobot_ws/install/cr5_moveit/share/cr5_moveit/launch/moveit_rviz.launch.py
[0.049s] -- Up-to-date: /home/lab-3d/dobot_ws/install/cr5_moveit/share/cr5_moveit/launch/rsp.launch.py
[0.049s] -- Up-to-date: /home/lab-3d/dobot_ws/install/cr5_moveit/share/cr5_moveit/launch/setup_assistant.launch.py
[0.050s] -- Up-to-date: /home/lab-3d/dobot_ws/install/cr5_moveit/share/cr5_moveit/launch/warehouse_db.launch.py
[0.050s] -- Up-to-date: /home/lab-3d/dobot_ws/install/cr5_moveit/share/cr5_moveit/launch/spawn_controllers.launch.py
[0.050s] -- Up-to-date: /home/lab-3d/dobot_ws/install/cr5_moveit/share/cr5_moveit/config
[0.050s] -- Up-to-date: /home/lab-3d/dobot_ws/install/cr5_moveit/share/cr5_moveit/config/kinematics.yaml
[0.050s] -- Up-to-date: /home/lab-3d/dobot_ws/install/cr5_moveit/share/cr5_moveit/config/cr5_robot.srdf
[0.050s] -- Up-to-date: /home/lab-3d/dobot_ws/install/cr5_moveit/share/cr5_moveit/config/moveit.rviz
[0.050s] -- Up-to-date: /home/lab-3d/dobot_ws/install/cr5_moveit/share/cr5_moveit/config/pilz_cartesian_limits.yaml
[0.050s] -- Up-to-date: /home/lab-3d/dobot_ws/install/cr5_moveit/share/cr5_moveit/config/moveit_controllers.yaml
[0.050s] -- Up-to-date: /home/lab-3d/dobot_ws/install/cr5_moveit/share/cr5_moveit/config/initial_positions.yaml
[0.050s] -- Up-to-date: /home/lab-3d/dobot_ws/install/cr5_moveit/share/cr5_moveit/config/cr5_robot.ros2_control.xacro
[0.050s] -- Up-to-date: /home/lab-3d/dobot_ws/install/cr5_moveit/share/cr5_moveit/config/ros2_controllers.yaml
[0.050s] -- Up-to-date: /home/lab-3d/dobot_ws/install/cr5_moveit/share/cr5_moveit/config/cr5_robot.urdf.xacro
[0.050s] -- Up-to-date: /home/lab-3d/dobot_ws/install/cr5_moveit/share/cr5_moveit/config/joint_limits.yaml
[0.050s] -- Up-to-date: /home/lab-3d/dobot_ws/install/cr5_moveit/share/cr5_moveit/.setup_assistant
[0.080s] Invoked command in '/home/lab-3d/dobot_ws/build/cr5_moveit' returned '0': CMAKE_PREFIX_PATH=/home/lab-3d/dobot_ws/install/dobot_rviz:/home/lab-3d/dobot_ws/install/cr5_moveit:/home/lab-3d/dobot_ws/install/cr_robot_ros2:/home/lab-3d/dobot_ws/install/dobot_msgs_v4:/home/lab-3d/dobot_ws/install/dobot_gazebo:/home/lab-3d/dobot_ws/install/cra_description:/home/lab-3d/dobot_ws/install/tf_med_ks:/home/lab-3d/dobot_ws/install/simulacija:/home/lab-3d/dobot_ws/install/miza:/home/lab-3d/dobot_ws/install/kamera:/home/lab-3d/dobot_ws/install/final_pkg:/home/lab-3d/dobot_ws/install/dobot_moveit:/home/lab-3d/dobot_ws/install/dobot_demo:/opt/ros/humble /usr/bin/cmake --install /home/lab-3d/dobot_ws/build/cr5_moveit
