running egg_info
creating ../../../build/tf_med_ks/tf_med_ks.egg-info
writing ../../../build/tf_med_ks/tf_med_ks.egg-info/PKG-INFO
writing dependency_links to ../../../build/tf_med_ks/tf_med_ks.egg-info/dependency_links.txt
writing entry points to ../../../build/tf_med_ks/tf_med_ks.egg-info/entry_points.txt
writing requirements to ../../../build/tf_med_ks/tf_med_ks.egg-info/requires.txt
writing top-level names to ../../../build/tf_med_ks/tf_med_ks.egg-info/top_level.txt
writing manifest file '../../../build/tf_med_ks/tf_med_ks.egg-info/SOURCES.txt'
reading manifest file '../../../build/tf_med_ks/tf_med_ks.egg-info/SOURCES.txt'
writing manifest file '../../../build/tf_med_ks/tf_med_ks.egg-info/SOURCES.txt'
running build
running build_py
creating /home/lab-3d/dobot_ws/build/tf_med_ks/build
creating /home/lab-3d/dobot_ws/build/tf_med_ks/build/lib
creating /home/lab-3d/dobot_ws/build/tf_med_ks/build/lib/tf_med_ks
copying tf_med_ks/marker2.py -> /home/lab-3d/dobot_ws/build/tf_med_ks/build/lib/tf_med_ks
copying tf_med_ks/inverse_move_it.py -> /home/lab-3d/dobot_ws/build/tf_med_ks/build/lib/tf_med_ks
copying tf_med_ks/neki.py -> /home/lab-3d/dobot_ws/build/tf_med_ks/build/lib/tf_med_ks
copying tf_med_ks/inverse.py -> /home/lab-3d/dobot_ws/build/tf_med_ks/build/lib/tf_med_ks
copying tf_med_ks/kamera.py -> /home/lab-3d/dobot_ws/build/tf_med_ks/build/lib/tf_med_ks
copying tf_med_ks/from_tool_to_table.py -> /home/lab-3d/dobot_ws/build/tf_med_ks/build/lib/tf_med_ks
copying tf_med_ks/fejk_jakob.py -> /home/lab-3d/dobot_ws/build/tf_med_ks/build/lib/tf_med_ks
copying tf_med_ks/marker.py -> /home/lab-3d/dobot_ws/build/tf_med_ks/build/lib/tf_med_ks
copying tf_med_ks/__init__.py -> /home/lab-3d/dobot_ws/build/tf_med_ks/build/lib/tf_med_ks
copying tf_med_ks/tmp.py -> /home/lab-3d/dobot_ws/build/tf_med_ks/build/lib/tf_med_ks
copying tf_med_ks/static_tf_broad.py -> /home/lab-3d/dobot_ws/build/tf_med_ks/build/lib/tf_med_ks
copying tf_med_ks/trans_matrix.py -> /home/lab-3d/dobot_ws/build/tf_med_ks/build/lib/tf_med_ks
running install
running install_lib
creating /home/lab-3d/dobot_ws/install/tf_med_ks/lib/python3.10/site-packages/tf_med_ks
copying /home/lab-3d/dobot_ws/build/tf_med_ks/build/lib/tf_med_ks/marker2.py -> /home/lab-3d/dobot_ws/install/tf_med_ks/lib/python3.10/site-packages/tf_med_ks
copying /home/lab-3d/dobot_ws/build/tf_med_ks/build/lib/tf_med_ks/inverse_move_it.py -> /home/lab-3d/dobot_ws/install/tf_med_ks/lib/python3.10/site-packages/tf_med_ks
copying /home/lab-3d/dobot_ws/build/tf_med_ks/build/lib/tf_med_ks/neki.py -> /home/lab-3d/dobot_ws/install/tf_med_ks/lib/python3.10/site-packages/tf_med_ks
copying /home/lab-3d/dobot_ws/build/tf_med_ks/build/lib/tf_med_ks/inverse.py -> /home/lab-3d/dobot_ws/install/tf_med_ks/lib/python3.10/site-packages/tf_med_ks
copying /home/lab-3d/dobot_ws/build/tf_med_ks/build/lib/tf_med_ks/kamera.py -> /home/lab-3d/dobot_ws/install/tf_med_ks/lib/python3.10/site-packages/tf_med_ks
copying /home/lab-3d/dobot_ws/build/tf_med_ks/build/lib/tf_med_ks/from_tool_to_table.py -> /home/lab-3d/dobot_ws/install/tf_med_ks/lib/python3.10/site-packages/tf_med_ks
copying /home/lab-3d/dobot_ws/build/tf_med_ks/build/lib/tf_med_ks/fejk_jakob.py -> /home/lab-3d/dobot_ws/install/tf_med_ks/lib/python3.10/site-packages/tf_med_ks
copying /home/lab-3d/dobot_ws/build/tf_med_ks/build/lib/tf_med_ks/marker.py -> /home/lab-3d/dobot_ws/install/tf_med_ks/lib/python3.10/site-packages/tf_med_ks
copying /home/lab-3d/dobot_ws/build/tf_med_ks/build/lib/tf_med_ks/__init__.py -> /home/lab-3d/dobot_ws/install/tf_med_ks/lib/python3.10/site-packages/tf_med_ks
copying /home/lab-3d/dobot_ws/build/tf_med_ks/build/lib/tf_med_ks/tmp.py -> /home/lab-3d/dobot_ws/install/tf_med_ks/lib/python3.10/site-packages/tf_med_ks
copying /home/lab-3d/dobot_ws/build/tf_med_ks/build/lib/tf_med_ks/static_tf_broad.py -> /home/lab-3d/dobot_ws/install/tf_med_ks/lib/python3.10/site-packages/tf_med_ks
copying /home/lab-3d/dobot_ws/build/tf_med_ks/build/lib/tf_med_ks/trans_matrix.py -> /home/lab-3d/dobot_ws/install/tf_med_ks/lib/python3.10/site-packages/tf_med_ks
byte-compiling /home/lab-3d/dobot_ws/install/tf_med_ks/lib/python3.10/site-packages/tf_med_ks/marker2.py to marker2.cpython-310.pyc
byte-compiling /home/lab-3d/dobot_ws/install/tf_med_ks/lib/python3.10/site-packages/tf_med_ks/inverse_move_it.py to inverse_move_it.cpython-310.pyc
byte-compiling /home/lab-3d/dobot_ws/install/tf_med_ks/lib/python3.10/site-packages/tf_med_ks/neki.py to neki.cpython-310.pyc
byte-compiling /home/lab-3d/dobot_ws/install/tf_med_ks/lib/python3.10/site-packages/tf_med_ks/inverse.py to inverse.cpython-310.pyc
byte-compiling /home/lab-3d/dobot_ws/install/tf_med_ks/lib/python3.10/site-packages/tf_med_ks/kamera.py to kamera.cpython-310.pyc
byte-compiling /home/lab-3d/dobot_ws/install/tf_med_ks/lib/python3.10/site-packages/tf_med_ks/from_tool_to_table.py to from_tool_to_table.cpython-310.pyc
byte-compiling /home/lab-3d/dobot_ws/install/tf_med_ks/lib/python3.10/site-packages/tf_med_ks/fejk_jakob.py to fejk_jakob.cpython-310.pyc
byte-compiling /home/lab-3d/dobot_ws/install/tf_med_ks/lib/python3.10/site-packages/tf_med_ks/marker.py to marker.cpython-310.pyc
byte-compiling /home/lab-3d/dobot_ws/install/tf_med_ks/lib/python3.10/site-packages/tf_med_ks/__init__.py to __init__.cpython-310.pyc
byte-compiling /home/lab-3d/dobot_ws/install/tf_med_ks/lib/python3.10/site-packages/tf_med_ks/tmp.py to tmp.cpython-310.pyc
byte-compiling /home/lab-3d/dobot_ws/install/tf_med_ks/lib/python3.10/site-packages/tf_med_ks/static_tf_broad.py to static_tf_broad.cpython-310.pyc
byte-compiling /home/lab-3d/dobot_ws/install/tf_med_ks/lib/python3.10/site-packages/tf_med_ks/trans_matrix.py to trans_matrix.cpython-310.pyc
running install_data
creating /home/lab-3d/dobot_ws/install/tf_med_ks/share/ament_index
creating /home/lab-3d/dobot_ws/install/tf_med_ks/share/ament_index/resource_index
creating /home/lab-3d/dobot_ws/install/tf_med_ks/share/ament_index/resource_index/packages
copying resource/tf_med_ks -> /home/lab-3d/dobot_ws/install/tf_med_ks/share/ament_index/resource_index/packages
copying package.xml -> /home/lab-3d/dobot_ws/install/tf_med_ks/share/tf_med_ks
running install_egg_info
Copying ../../../build/tf_med_ks/tf_med_ks.egg-info to /home/lab-3d/dobot_ws/install/tf_med_ks/lib/python3.10/site-packages/tf_med_ks-0.0.0-py3.10.egg-info
running install_scripts
Installing fejk_jakob script to /home/lab-3d/dobot_ws/install/tf_med_ks/lib/tf_med_ks
Installing from_tool_to_table script to /home/lab-3d/dobot_ws/install/tf_med_ks/lib/tf_med_ks
Installing inverse script to /home/lab-3d/dobot_ws/install/tf_med_ks/lib/tf_med_ks
Installing inverse_kin script to /home/lab-3d/dobot_ws/install/tf_med_ks/lib/tf_med_ks
Installing inverse_move_it script to /home/lab-3d/dobot_ws/install/tf_med_ks/lib/tf_med_ks
Installing kamera script to /home/lab-3d/dobot_ws/install/tf_med_ks/lib/tf_med_ks
Installing marker script to /home/lab-3d/dobot_ws/install/tf_med_ks/lib/tf_med_ks
Installing marker2 script to /home/lab-3d/dobot_ws/install/tf_med_ks/lib/tf_med_ks
Installing static_tf_broad script to /home/lab-3d/dobot_ws/install/tf_med_ks/lib/tf_med_ks
Installing trans_matrix script to /home/lab-3d/dobot_ws/install/tf_med_ks/lib/tf_med_ks
writing list of installed files to '/home/lab-3d/dobot_ws/build/tf_med_ks/install.log'
