[1.350s] Invoking command in '/home/lab-3d/dobot_ws/src/DOBOT_6Axis_ROS2_V4/tf_med_ks': PYTHONPATH=/home/lab-3d/dobot_ws/build/tf_med_ks/prefix_override:/usr/lib/python3/dist-packages/colcon_core/task/python/colcon_distutils_commands:/home/lab-3d/dobot_ws/install/tf_med_ks/lib/python3.10/site-packages:${PYTHONPATH} /usr/bin/python3 -W ignore:setup.py install is deprecated -W ignore:easy_install command is deprecated setup.py egg_info --egg-base ../../../build/tf_med_ks build --build-base /home/lab-3d/dobot_ws/build/tf_med_ks/build install --record /home/lab-3d/dobot_ws/build/tf_med_ks/install.log --single-version-externally-managed install_data
[1.531s] running egg_info
[1.531s] creating ../../../build/tf_med_ks/tf_med_ks.egg-info
[1.531s] writing ../../../build/tf_med_ks/tf_med_ks.egg-info/PKG-INFO
[1.531s] writing dependency_links to ../../../build/tf_med_ks/tf_med_ks.egg-info/dependency_links.txt
[1.532s] writing entry points to ../../../build/tf_med_ks/tf_med_ks.egg-info/entry_points.txt
[1.532s] writing requirements to ../../../build/tf_med_ks/tf_med_ks.egg-info/requires.txt
[1.532s] writing top-level names to ../../../build/tf_med_ks/tf_med_ks.egg-info/top_level.txt
[1.532s] writing manifest file '../../../build/tf_med_ks/tf_med_ks.egg-info/SOURCES.txt'
[1.533s] reading manifest file '../../../build/tf_med_ks/tf_med_ks.egg-info/SOURCES.txt'
[1.534s] writing manifest file '../../../build/tf_med_ks/tf_med_ks.egg-info/SOURCES.txt'
[1.534s] running build
[1.534s] running build_py
[1.534s] creating /home/lab-3d/dobot_ws/build/tf_med_ks/build
[1.534s] creating /home/lab-3d/dobot_ws/build/tf_med_ks/build/lib
[1.534s] creating /home/lab-3d/dobot_ws/build/tf_med_ks/build/lib/tf_med_ks
[1.534s] copying tf_med_ks/marker2.py -> /home/lab-3d/dobot_ws/build/tf_med_ks/build/lib/tf_med_ks
[1.534s] copying tf_med_ks/inverse_move_it.py -> /home/lab-3d/dobot_ws/build/tf_med_ks/build/lib/tf_med_ks
[1.534s] copying tf_med_ks/neki.py -> /home/lab-3d/dobot_ws/build/tf_med_ks/build/lib/tf_med_ks
[1.534s] copying tf_med_ks/inverse.py -> /home/lab-3d/dobot_ws/build/tf_med_ks/build/lib/tf_med_ks
[1.534s] copying tf_med_ks/kamera.py -> /home/lab-3d/dobot_ws/build/tf_med_ks/build/lib/tf_med_ks
[1.535s] copying tf_med_ks/from_tool_to_table.py -> /home/lab-3d/dobot_ws/build/tf_med_ks/build/lib/tf_med_ks
[1.535s] copying tf_med_ks/fejk_jakob.py -> /home/lab-3d/dobot_ws/build/tf_med_ks/build/lib/tf_med_ks
[1.535s] copying tf_med_ks/marker.py -> /home/lab-3d/dobot_ws/build/tf_med_ks/build/lib/tf_med_ks
[1.535s] copying tf_med_ks/__init__.py -> /home/lab-3d/dobot_ws/build/tf_med_ks/build/lib/tf_med_ks
[1.535s] copying tf_med_ks/tmp.py -> /home/lab-3d/dobot_ws/build/tf_med_ks/build/lib/tf_med_ks
[1.535s] copying tf_med_ks/static_tf_broad.py -> /home/lab-3d/dobot_ws/build/tf_med_ks/build/lib/tf_med_ks
[1.535s] copying tf_med_ks/trans_matrix.py -> /home/lab-3d/dobot_ws/build/tf_med_ks/build/lib/tf_med_ks
[1.535s] running install
[1.535s] running install_lib
[1.535s] creating /home/lab-3d/dobot_ws/install/tf_med_ks/lib/python3.10/site-packages/tf_med_ks
[1.535s] copying /home/lab-3d/dobot_ws/build/tf_med_ks/build/lib/tf_med_ks/marker2.py -> /home/lab-3d/dobot_ws/install/tf_med_ks/lib/python3.10/site-packages/tf_med_ks
[1.535s] copying /home/lab-3d/dobot_ws/build/tf_med_ks/build/lib/tf_med_ks/inverse_move_it.py -> /home/lab-3d/dobot_ws/install/tf_med_ks/lib/python3.10/site-packages/tf_med_ks
[1.536s] copying /home/lab-3d/dobot_ws/build/tf_med_ks/build/lib/tf_med_ks/neki.py -> /home/lab-3d/dobot_ws/install/tf_med_ks/lib/python3.10/site-packages/tf_med_ks
[1.536s] copying /home/lab-3d/dobot_ws/build/tf_med_ks/build/lib/tf_med_ks/inverse.py -> /home/lab-3d/dobot_ws/install/tf_med_ks/lib/python3.10/site-packages/tf_med_ks
[1.536s] copying /home/lab-3d/dobot_ws/build/tf_med_ks/build/lib/tf_med_ks/kamera.py -> /home/lab-3d/dobot_ws/install/tf_med_ks/lib/python3.10/site-packages/tf_med_ks
[1.536s] copying /home/lab-3d/dobot_ws/build/tf_med_ks/build/lib/tf_med_ks/from_tool_to_table.py -> /home/lab-3d/dobot_ws/install/tf_med_ks/lib/python3.10/site-packages/tf_med_ks
[1.536s] copying /home/lab-3d/dobot_ws/build/tf_med_ks/build/lib/tf_med_ks/fejk_jakob.py -> /home/lab-3d/dobot_ws/install/tf_med_ks/lib/python3.10/site-packages/tf_med_ks
[1.536s] copying /home/lab-3d/dobot_ws/build/tf_med_ks/build/lib/tf_med_ks/marker.py -> /home/lab-3d/dobot_ws/install/tf_med_ks/lib/python3.10/site-packages/tf_med_ks
[1.536s] copying /home/lab-3d/dobot_ws/build/tf_med_ks/build/lib/tf_med_ks/__init__.py -> /home/lab-3d/dobot_ws/install/tf_med_ks/lib/python3.10/site-packages/tf_med_ks
[1.536s] copying /home/lab-3d/dobot_ws/build/tf_med_ks/build/lib/tf_med_ks/tmp.py -> /home/lab-3d/dobot_ws/install/tf_med_ks/lib/python3.10/site-packages/tf_med_ks
[1.536s] copying /home/lab-3d/dobot_ws/build/tf_med_ks/build/lib/tf_med_ks/static_tf_broad.py -> /home/lab-3d/dobot_ws/install/tf_med_ks/lib/python3.10/site-packages/tf_med_ks
[1.536s] copying /home/lab-3d/dobot_ws/build/tf_med_ks/build/lib/tf_med_ks/trans_matrix.py -> /home/lab-3d/dobot_ws/install/tf_med_ks/lib/python3.10/site-packages/tf_med_ks
[1.536s] byte-compiling /home/lab-3d/dobot_ws/install/tf_med_ks/lib/python3.10/site-packages/tf_med_ks/marker2.py to marker2.cpython-310.pyc
[1.536s] byte-compiling /home/lab-3d/dobot_ws/install/tf_med_ks/lib/python3.10/site-packages/tf_med_ks/inverse_move_it.py to inverse_move_it.cpython-310.pyc
[1.537s] byte-compiling /home/lab-3d/dobot_ws/install/tf_med_ks/lib/python3.10/site-packages/tf_med_ks/neki.py to neki.cpython-310.pyc
[1.537s] byte-compiling /home/lab-3d/dobot_ws/install/tf_med_ks/lib/python3.10/site-packages/tf_med_ks/inverse.py to inverse.cpython-310.pyc
[1.538s] byte-compiling /home/lab-3d/dobot_ws/install/tf_med_ks/lib/python3.10/site-packages/tf_med_ks/kamera.py to kamera.cpython-310.pyc
[1.539s] byte-compiling /home/lab-3d/dobot_ws/install/tf_med_ks/lib/python3.10/site-packages/tf_med_ks/from_tool_to_table.py to from_tool_to_table.cpython-310.pyc
[1.539s] byte-compiling /home/lab-3d/dobot_ws/install/tf_med_ks/lib/python3.10/site-packages/tf_med_ks/fejk_jakob.py to fejk_jakob.cpython-310.pyc
[1.540s] byte-compiling /home/lab-3d/dobot_ws/install/tf_med_ks/lib/python3.10/site-packages/tf_med_ks/marker.py to marker.cpython-310.pyc
[1.540s] byte-compiling /home/lab-3d/dobot_ws/install/tf_med_ks/lib/python3.10/site-packages/tf_med_ks/__init__.py to __init__.cpython-310.pyc
[1.540s] byte-compiling /home/lab-3d/dobot_ws/install/tf_med_ks/lib/python3.10/site-packages/tf_med_ks/tmp.py to tmp.cpython-310.pyc
[1.541s] byte-compiling /home/lab-3d/dobot_ws/install/tf_med_ks/lib/python3.10/site-packages/tf_med_ks/static_tf_broad.py to static_tf_broad.cpython-310.pyc
[1.541s] byte-compiling /home/lab-3d/dobot_ws/install/tf_med_ks/lib/python3.10/site-packages/tf_med_ks/trans_matrix.py to trans_matrix.cpython-310.pyc
[1.542s] running install_data
[1.542s] creating /home/lab-3d/dobot_ws/install/tf_med_ks/share/ament_index
[1.542s] creating /home/lab-3d/dobot_ws/install/tf_med_ks/share/ament_index/resource_index
[1.542s] creating /home/lab-3d/dobot_ws/install/tf_med_ks/share/ament_index/resource_index/packages
[1.542s] copying resource/tf_med_ks -> /home/lab-3d/dobot_ws/install/tf_med_ks/share/ament_index/resource_index/packages
[1.542s] copying package.xml -> /home/lab-3d/dobot_ws/install/tf_med_ks/share/tf_med_ks
[1.542s] running install_egg_info
[1.543s] Copying ../../../build/tf_med_ks/tf_med_ks.egg-info to /home/lab-3d/dobot_ws/install/tf_med_ks/lib/python3.10/site-packages/tf_med_ks-0.0.0-py3.10.egg-info
[1.543s] running install_scripts
[1.556s] Installing fejk_jakob script to /home/lab-3d/dobot_ws/install/tf_med_ks/lib/tf_med_ks
[1.556s] Installing from_tool_to_table script to /home/lab-3d/dobot_ws/install/tf_med_ks/lib/tf_med_ks
[1.556s] Installing inverse script to /home/lab-3d/dobot_ws/install/tf_med_ks/lib/tf_med_ks
[1.556s] Installing inverse_kin script to /home/lab-3d/dobot_ws/install/tf_med_ks/lib/tf_med_ks
[1.556s] Installing inverse_move_it script to /home/lab-3d/dobot_ws/install/tf_med_ks/lib/tf_med_ks
[1.556s] Installing kamera script to /home/lab-3d/dobot_ws/install/tf_med_ks/lib/tf_med_ks
[1.556s] Installing marker script to /home/lab-3d/dobot_ws/install/tf_med_ks/lib/tf_med_ks
[1.556s] Installing marker2 script to /home/lab-3d/dobot_ws/install/tf_med_ks/lib/tf_med_ks
[1.556s] Installing static_tf_broad script to /home/lab-3d/dobot_ws/install/tf_med_ks/lib/tf_med_ks
[1.556s] Installing trans_matrix script to /home/lab-3d/dobot_ws/install/tf_med_ks/lib/tf_med_ks
[1.556s] writing list of installed files to '/home/lab-3d/dobot_ws/build/tf_med_ks/install.log'
[1.571s] Invoked command in '/home/lab-3d/dobot_ws/src/DOBOT_6Axis_ROS2_V4/tf_med_ks' returned '0': PYTHONPATH=/home/lab-3d/dobot_ws/build/tf_med_ks/prefix_override:/usr/lib/python3/dist-packages/colcon_core/task/python/colcon_distutils_commands:/home/lab-3d/dobot_ws/install/tf_med_ks/lib/python3.10/site-packages:${PYTHONPATH} /usr/bin/python3 -W ignore:setup.py install is deprecated -W ignore:easy_install command is deprecated setup.py egg_info --egg-base ../../../build/tf_med_ks build --build-base /home/lab-3d/dobot_ws/build/tf_med_ks/build install --record /home/lab-3d/dobot_ws/build/tf_med_ks/install.log --single-version-externally-managed install_data
