[1.321s] Invoking command in '/home/lab-3d/dobot_ws/src/DOBOT_6Axis_ROS2_V4/simulacija': PYTHONPATH=/home/lab-3d/dobot_ws/build/simulacija/prefix_override:/usr/lib/python3/dist-packages/colcon_core/task/python/colcon_distutils_commands:/home/lab-3d/dobot_ws/install/simulacija/lib/python3.10/site-packages:${PYTHONPATH} /usr/bin/python3 -W ignore:setup.py install is deprecated -W ignore:easy_install command is deprecated setup.py egg_info --egg-base ../../../build/simulacija build --build-base /home/lab-3d/dobot_ws/build/simulacija/build install --record /home/lab-3d/dobot_ws/build/simulacija/install.log --single-version-externally-managed install_data
[1.482s] running egg_info
[1.483s] creating ../../../build/simulacija/simulacija.egg-info
[1.483s] writing ../../../build/simulacija/simulacija.egg-info/PKG-INFO
[1.483s] writing dependency_links to ../../../build/simulacija/simulacija.egg-info/dependency_links.txt
[1.483s] writing entry points to ../../../build/simulacija/simulacija.egg-info/entry_points.txt
[1.483s] writing requirements to ../../../build/simulacija/simulacija.egg-info/requires.txt
[1.483s] writing top-level names to ../../../build/simulacija/simulacija.egg-info/top_level.txt
[1.483s] writing manifest file '../../../build/simulacija/simulacija.egg-info/SOURCES.txt'
[1.485s] reading manifest file '../../../build/simulacija/simulacija.egg-info/SOURCES.txt'
[1.485s] writing manifest file '../../../build/simulacija/simulacija.egg-info/SOURCES.txt'
[1.485s] running build
[1.485s] running build_py
[1.485s] creating /home/lab-3d/dobot_ws/build/simulacija/build
[1.485s] creating /home/lab-3d/dobot_ws/build/simulacija/build/lib
[1.485s] creating /home/lab-3d/dobot_ws/build/simulacija/build/lib/simulacija
[1.486s] copying simulacija/premik.py -> /home/lab-3d/dobot_ws/build/simulacija/build/lib/simulacija
[1.486s] copying simulacija/inverse.py -> /home/lab-3d/dobot_ws/build/simulacija/build/lib/simulacija
[1.486s] copying simulacija/points.py -> /home/lab-3d/dobot_ws/build/simulacija/build/lib/simulacija
[1.486s] copying simulacija/get_rotation.py -> /home/lab-3d/dobot_ws/build/simulacija/build/lib/simulacija
[1.486s] copying simulacija/__init__.py -> /home/lab-3d/dobot_ws/build/simulacija/build/lib/simulacija
[1.486s] running install
[1.486s] running install_lib
[1.486s] creating /home/lab-3d/dobot_ws/install/simulacija/lib/python3.10/site-packages/simulacija
[1.486s] copying /home/lab-3d/dobot_ws/build/simulacija/build/lib/simulacija/premik.py -> /home/lab-3d/dobot_ws/install/simulacija/lib/python3.10/site-packages/simulacija
[1.486s] copying /home/lab-3d/dobot_ws/build/simulacija/build/lib/simulacija/inverse.py -> /home/lab-3d/dobot_ws/install/simulacija/lib/python3.10/site-packages/simulacija
[1.487s] copying /home/lab-3d/dobot_ws/build/simulacija/build/lib/simulacija/points.py -> /home/lab-3d/dobot_ws/install/simulacija/lib/python3.10/site-packages/simulacija
[1.487s] copying /home/lab-3d/dobot_ws/build/simulacija/build/lib/simulacija/get_rotation.py -> /home/lab-3d/dobot_ws/install/simulacija/lib/python3.10/site-packages/simulacija
[1.487s] copying /home/lab-3d/dobot_ws/build/simulacija/build/lib/simulacija/__init__.py -> /home/lab-3d/dobot_ws/install/simulacija/lib/python3.10/site-packages/simulacija
[1.487s] byte-compiling /home/lab-3d/dobot_ws/install/simulacija/lib/python3.10/site-packages/simulacija/premik.py to premik.cpython-310.pyc
[1.487s] byte-compiling /home/lab-3d/dobot_ws/install/simulacija/lib/python3.10/site-packages/simulacija/inverse.py to inverse.cpython-310.pyc
[1.490s] byte-compiling /home/lab-3d/dobot_ws/install/simulacija/lib/python3.10/site-packages/simulacija/points.py to points.cpython-310.pyc
[1.491s] byte-compiling /home/lab-3d/dobot_ws/install/simulacija/lib/python3.10/site-packages/simulacija/get_rotation.py to get_rotation.cpython-310.pyc
[1.491s] byte-compiling /home/lab-3d/dobot_ws/install/simulacija/lib/python3.10/site-packages/simulacija/__init__.py to __init__.cpython-310.pyc
[1.491s] running install_data
[1.491s] creating /home/lab-3d/dobot_ws/install/simulacija/share/ament_index
[1.492s] creating /home/lab-3d/dobot_ws/install/simulacija/share/ament_index/resource_index
[1.492s] creating /home/lab-3d/dobot_ws/install/simulacija/share/ament_index/resource_index/packages
[1.492s] copying resource/simulacija -> /home/lab-3d/dobot_ws/install/simulacija/share/ament_index/resource_index/packages
[1.492s] copying package.xml -> /home/lab-3d/dobot_ws/install/simulacija/share/simulacija
[1.492s] running install_egg_info
[1.493s] Copying ../../../build/simulacija/simulacija.egg-info to /home/lab-3d/dobot_ws/install/simulacija/lib/python3.10/site-packages/simulacija-0.0.0-py3.10.egg-info
[1.493s] running install_scripts
[1.505s] Installing inverse script to /home/lab-3d/dobot_ws/install/simulacija/lib/simulacija
[1.506s] Installing premik script to /home/lab-3d/dobot_ws/install/simulacija/lib/simulacija
[1.506s] writing list of installed files to '/home/lab-3d/dobot_ws/build/simulacija/install.log'
[1.522s] Invoked command in '/home/lab-3d/dobot_ws/src/DOBOT_6Axis_ROS2_V4/simulacija' returned '0': PYTHONPATH=/home/lab-3d/dobot_ws/build/simulacija/prefix_override:/usr/lib/python3/dist-packages/colcon_core/task/python/colcon_distutils_commands:/home/lab-3d/dobot_ws/install/simulacija/lib/python3.10/site-packages:${PYTHONPATH} /usr/bin/python3 -W ignore:setup.py install is deprecated -W ignore:easy_install command is deprecated setup.py egg_info --egg-base ../../../build/simulacija build --build-base /home/lab-3d/dobot_ws/build/simulacija/build install --record /home/lab-3d/dobot_ws/build/simulacija/install.log --single-version-externally-managed install_data
