/home/lab-3d/dobot_ws/install/tf_med_ks/lib/python3.10/site-packages/tf_med_ks/marker2.py
/home/lab-3d/dobot_ws/install/tf_med_ks/lib/python3.10/site-packages/tf_med_ks/inverse_move_it.py
/home/lab-3d/dobot_ws/install/tf_med_ks/lib/python3.10/site-packages/tf_med_ks/neki.py
/home/lab-3d/dobot_ws/install/tf_med_ks/lib/python3.10/site-packages/tf_med_ks/inverse.py
/home/lab-3d/dobot_ws/install/tf_med_ks/lib/python3.10/site-packages/tf_med_ks/kamera.py
/home/lab-3d/dobot_ws/install/tf_med_ks/lib/python3.10/site-packages/tf_med_ks/from_tool_to_table.py
/home/lab-3d/dobot_ws/install/tf_med_ks/lib/python3.10/site-packages/tf_med_ks/fejk_jakob.py
/home/lab-3d/dobot_ws/install/tf_med_ks/lib/python3.10/site-packages/tf_med_ks/marker.py
/home/lab-3d/dobot_ws/install/tf_med_ks/lib/python3.10/site-packages/tf_med_ks/__init__.py
/home/lab-3d/dobot_ws/install/tf_med_ks/lib/python3.10/site-packages/tf_med_ks/tmp.py
/home/lab-3d/dobot_ws/install/tf_med_ks/lib/python3.10/site-packages/tf_med_ks/static_tf_broad.py
/home/lab-3d/dobot_ws/install/tf_med_ks/lib/python3.10/site-packages/tf_med_ks/trans_matrix.py
/home/lab-3d/dobot_ws/install/tf_med_ks/lib/python3.10/site-packages/tf_med_ks/__pycache__/marker2.cpython-310.pyc
/home/lab-3d/dobot_ws/install/tf_med_ks/lib/python3.10/site-packages/tf_med_ks/__pycache__/inverse_move_it.cpython-310.pyc
/home/lab-3d/dobot_ws/install/tf_med_ks/lib/python3.10/site-packages/tf_med_ks/__pycache__/neki.cpython-310.pyc
/home/lab-3d/dobot_ws/install/tf_med_ks/lib/python3.10/site-packages/tf_med_ks/__pycache__/inverse.cpython-310.pyc
/home/lab-3d/dobot_ws/install/tf_med_ks/lib/python3.10/site-packages/tf_med_ks/__pycache__/kamera.cpython-310.pyc
/home/lab-3d/dobot_ws/install/tf_med_ks/lib/python3.10/site-packages/tf_med_ks/__pycache__/from_tool_to_table.cpython-310.pyc
/home/lab-3d/dobot_ws/install/tf_med_ks/lib/python3.10/site-packages/tf_med_ks/__pycache__/fejk_jakob.cpython-310.pyc
/home/lab-3d/dobot_ws/install/tf_med_ks/lib/python3.10/site-packages/tf_med_ks/__pycache__/marker.cpython-310.pyc
/home/lab-3d/dobot_ws/install/tf_med_ks/lib/python3.10/site-packages/tf_med_ks/__pycache__/__init__.cpython-310.pyc
/home/lab-3d/dobot_ws/install/tf_med_ks/lib/python3.10/site-packages/tf_med_ks/__pycache__/tmp.cpython-310.pyc
/home/lab-3d/dobot_ws/install/tf_med_ks/lib/python3.10/site-packages/tf_med_ks/__pycache__/static_tf_broad.cpython-310.pyc
/home/lab-3d/dobot_ws/install/tf_med_ks/lib/python3.10/site-packages/tf_med_ks/__pycache__/trans_matrix.cpython-310.pyc
/home/lab-3d/dobot_ws/install/tf_med_ks/share/ament_index/resource_index/packages/tf_med_ks
/home/lab-3d/dobot_ws/install/tf_med_ks/share/tf_med_ks/package.xml
/home/lab-3d/dobot_ws/install/tf_med_ks/lib/python3.10/site-packages/tf_med_ks-0.0.0-py3.10.egg-info/PKG-INFO
/home/lab-3d/dobot_ws/install/tf_med_ks/lib/python3.10/site-packages/tf_med_ks-0.0.0-py3.10.egg-info/requires.txt
/home/lab-3d/dobot_ws/install/tf_med_ks/lib/python3.10/site-packages/tf_med_ks-0.0.0-py3.10.egg-info/entry_points.txt
/home/lab-3d/dobot_ws/install/tf_med_ks/lib/python3.10/site-packages/tf_med_ks-0.0.0-py3.10.egg-info/zip-safe
/home/lab-3d/dobot_ws/install/tf_med_ks/lib/python3.10/site-packages/tf_med_ks-0.0.0-py3.10.egg-info/SOURCES.txt
/home/lab-3d/dobot_ws/install/tf_med_ks/lib/python3.10/site-packages/tf_med_ks-0.0.0-py3.10.egg-info/top_level.txt
/home/lab-3d/dobot_ws/install/tf_med_ks/lib/python3.10/site-packages/tf_med_ks-0.0.0-py3.10.egg-info/dependency_links.txt
/home/lab-3d/dobot_ws/install/tf_med_ks/lib/tf_med_ks/fejk_jakob
/home/lab-3d/dobot_ws/install/tf_med_ks/lib/tf_med_ks/from_tool_to_table
/home/lab-3d/dobot_ws/install/tf_med_ks/lib/tf_med_ks/inverse
/home/lab-3d/dobot_ws/install/tf_med_ks/lib/tf_med_ks/inverse_kin
/home/lab-3d/dobot_ws/install/tf_med_ks/lib/tf_med_ks/inverse_move_it
/home/lab-3d/dobot_ws/install/tf_med_ks/lib/tf_med_ks/kamera
/home/lab-3d/dobot_ws/install/tf_med_ks/lib/tf_med_ks/marker
/home/lab-3d/dobot_ws/install/tf_med_ks/lib/tf_med_ks/marker2
/home/lab-3d/dobot_ws/install/tf_med_ks/lib/tf_med_ks/static_tf_broad
/home/lab-3d/dobot_ws/install/tf_med_ks/lib/tf_med_ks/trans_matrix
