running egg_info
writing ../../../build/kamera/kamera.egg-info/PKG-INFO
writing dependency_links to ../../../build/kamera/kamera.egg-info/dependency_links.txt
writing entry points to ../../../build/kamera/kamera.egg-info/entry_points.txt
writing requirements to ../../../build/kamera/kamera.egg-info/requires.txt
writing top-level names to ../../../build/kamera/kamera.egg-info/top_level.txt
reading manifest file '../../../build/kamera/kamera.egg-info/SOURCES.txt'
writing manifest file '../../../build/kamera/kamera.egg-info/SOURCES.txt'
running build
running build_py
running install
running install_lib
running install_data
running install_egg_info
removing '/home/lab-3d/dobot_ws/install/kamera/lib/python3.10/site-packages/kamera-0.0.0-py3.10.egg-info' (and everything under it)
Copying ../../../build/kamera/kamera.egg-info to /home/lab-3d/dobot_ws/install/kamera/lib/python3.10/site-packages/kamera-0.0.0-py3.10.egg-info
running install_scripts
Installing improved_idea script to /home/lab-3d/dobot_ws/install/kamera/lib/kamera
Installing poravnava script to /home/lab-3d/dobot_ws/install/kamera/lib/kamera
Installing zajem_tock script to /home/lab-3d/dobot_ws/install/kamera/lib/kamera
writing list of installed files to '/home/lab-3d/dobot_ws/build/kamera/install.log'
