running egg_info
creating ../../../build/miza/miza.egg-info
writing ../../../build/miza/miza.egg-info/PKG-INFO
writing dependency_links to ../../../build/miza/miza.egg-info/dependency_links.txt
writing entry points to ../../../build/miza/miza.egg-info/entry_points.txt
writing requirements to ../../../build/miza/miza.egg-info/requires.txt
writing top-level names to ../../../build/miza/miza.egg-info/top_level.txt
writing manifest file '../../../build/miza/miza.egg-info/SOURCES.txt'
reading manifest file '../../../build/miza/miza.egg-info/SOURCES.txt'
writing manifest file '../../../build/miza/miza.egg-info/SOURCES.txt'
running build
running build_py
creating /home/lab-3d/dobot_ws/build/miza/build
creating /home/lab-3d/dobot_ws/build/miza/build/lib
creating /home/lab-3d/dobot_ws/build/miza/build/lib/miza
copying miza/miza_client.py -> /home/lab-3d/dobot_ws/build/miza/build/lib/miza
copying miza/povezava.py -> /home/lab-3d/dobot_ws/build/miza/build/lib/miza
copying miza/__init__.py -> /home/lab-3d/dobot_ws/build/miza/build/lib/miza
running install
running install_lib
creating /home/lab-3d/dobot_ws/install/miza/lib/python3.10/site-packages/miza
copying /home/lab-3d/dobot_ws/build/miza/build/lib/miza/miza_client.py -> /home/lab-3d/dobot_ws/install/miza/lib/python3.10/site-packages/miza
copying /home/lab-3d/dobot_ws/build/miza/build/lib/miza/povezava.py -> /home/lab-3d/dobot_ws/install/miza/lib/python3.10/site-packages/miza
copying /home/lab-3d/dobot_ws/build/miza/build/lib/miza/__init__.py -> /home/lab-3d/dobot_ws/install/miza/lib/python3.10/site-packages/miza
byte-compiling /home/lab-3d/dobot_ws/install/miza/lib/python3.10/site-packages/miza/miza_client.py to miza_client.cpython-310.pyc
byte-compiling /home/lab-3d/dobot_ws/install/miza/lib/python3.10/site-packages/miza/povezava.py to povezava.cpython-310.pyc
byte-compiling /home/lab-3d/dobot_ws/install/miza/lib/python3.10/site-packages/miza/__init__.py to __init__.cpython-310.pyc
running install_data
creating /home/lab-3d/dobot_ws/install/miza/share/ament_index
creating /home/lab-3d/dobot_ws/install/miza/share/ament_index/resource_index
creating /home/lab-3d/dobot_ws/install/miza/share/ament_index/resource_index/packages
copying resource/miza -> /home/lab-3d/dobot_ws/install/miza/share/ament_index/resource_index/packages
copying package.xml -> /home/lab-3d/dobot_ws/install/miza/share/miza
running install_egg_info
Copying ../../../build/miza/miza.egg-info to /home/lab-3d/dobot_ws/install/miza/lib/python3.10/site-packages/miza-0.0.0-py3.10.egg-info
running install_scripts
Installing miza_client script to /home/lab-3d/dobot_ws/install/miza/lib/miza
Installing povezava script to /home/lab-3d/dobot_ws/install/miza/lib/miza
writing list of installed files to '/home/lab-3d/dobot_ws/build/miza/install.log'
