[1.357s] Invoking command in '/home/lab-3d/dobot_ws/src/DOBOT_6Axis_ROS2_V4/miza': PYTHONPATH=/home/lab-3d/dobot_ws/build/miza/prefix_override:/usr/lib/python3/dist-packages/colcon_core/task/python/colcon_distutils_commands:/home/lab-3d/dobot_ws/install/miza/lib/python3.10/site-packages:${PYTHONPATH} /usr/bin/python3 -W ignore:setup.py install is deprecated -W ignore:easy_install command is deprecated setup.py egg_info --egg-base ../../../build/miza build --build-base /home/lab-3d/dobot_ws/build/miza/build install --record /home/lab-3d/dobot_ws/build/miza/install.log --single-version-externally-managed install_data
[1.517s] running egg_info
[1.517s] creating ../../../build/miza/miza.egg-info
[1.517s] writing ../../../build/miza/miza.egg-info/PKG-INFO
[1.517s] writing dependency_links to ../../../build/miza/miza.egg-info/dependency_links.txt
[1.517s] writing entry points to ../../../build/miza/miza.egg-info/entry_points.txt
[1.517s] writing requirements to ../../../build/miza/miza.egg-info/requires.txt
[1.517s] writing top-level names to ../../../build/miza/miza.egg-info/top_level.txt
[1.517s] writing manifest file '../../../build/miza/miza.egg-info/SOURCES.txt'
[1.518s] reading manifest file '../../../build/miza/miza.egg-info/SOURCES.txt'
[1.519s] writing manifest file '../../../build/miza/miza.egg-info/SOURCES.txt'
[1.519s] running build
[1.519s] running build_py
[1.519s] creating /home/lab-3d/dobot_ws/build/miza/build
[1.519s] creating /home/lab-3d/dobot_ws/build/miza/build/lib
[1.519s] creating /home/lab-3d/dobot_ws/build/miza/build/lib/miza
[1.519s] copying miza/miza_client.py -> /home/lab-3d/dobot_ws/build/miza/build/lib/miza
[1.519s] copying miza/povezava.py -> /home/lab-3d/dobot_ws/build/miza/build/lib/miza
[1.519s] copying miza/__init__.py -> /home/lab-3d/dobot_ws/build/miza/build/lib/miza
[1.521s] running install
[1.521s] running install_lib
[1.521s] creating /home/lab-3d/dobot_ws/install/miza/lib/python3.10/site-packages/miza
[1.521s] copying /home/lab-3d/dobot_ws/build/miza/build/lib/miza/miza_client.py -> /home/lab-3d/dobot_ws/install/miza/lib/python3.10/site-packages/miza
[1.521s] copying /home/lab-3d/dobot_ws/build/miza/build/lib/miza/povezava.py -> /home/lab-3d/dobot_ws/install/miza/lib/python3.10/site-packages/miza
[1.521s] copying /home/lab-3d/dobot_ws/build/miza/build/lib/miza/__init__.py -> /home/lab-3d/dobot_ws/install/miza/lib/python3.10/site-packages/miza
[1.521s] byte-compiling /home/lab-3d/dobot_ws/install/miza/lib/python3.10/site-packages/miza/miza_client.py to miza_client.cpython-310.pyc
[1.521s] byte-compiling /home/lab-3d/dobot_ws/install/miza/lib/python3.10/site-packages/miza/povezava.py to povezava.cpython-310.pyc
[1.522s] byte-compiling /home/lab-3d/dobot_ws/install/miza/lib/python3.10/site-packages/miza/__init__.py to __init__.cpython-310.pyc
[1.522s] running install_data
[1.523s] creating /home/lab-3d/dobot_ws/install/miza/share/ament_index
[1.523s] creating /home/lab-3d/dobot_ws/install/miza/share/ament_index/resource_index
[1.523s] creating /home/lab-3d/dobot_ws/install/miza/share/ament_index/resource_index/packages
[1.523s] copying resource/miza -> /home/lab-3d/dobot_ws/install/miza/share/ament_index/resource_index/packages
[1.523s] copying package.xml -> /home/lab-3d/dobot_ws/install/miza/share/miza
[1.524s] running install_egg_info
[1.524s] Copying ../../../build/miza/miza.egg-info to /home/lab-3d/dobot_ws/install/miza/lib/python3.10/site-packages/miza-0.0.0-py3.10.egg-info
[1.524s] running install_scripts
[1.535s] Installing miza_client script to /home/lab-3d/dobot_ws/install/miza/lib/miza
[1.535s] Installing povezava script to /home/lab-3d/dobot_ws/install/miza/lib/miza
[1.535s] writing list of installed files to '/home/lab-3d/dobot_ws/build/miza/install.log'
[1.551s] Invoked command in '/home/lab-3d/dobot_ws/src/DOBOT_6Axis_ROS2_V4/miza' returned '0': PYTHONPATH=/home/lab-3d/dobot_ws/build/miza/prefix_override:/usr/lib/python3/dist-packages/colcon_core/task/python/colcon_distutils_commands:/home/lab-3d/dobot_ws/install/miza/lib/python3.10/site-packages:${PYTHONPATH} /usr/bin/python3 -W ignore:setup.py install is deprecated -W ignore:easy_install command is deprecated setup.py egg_info --egg-base ../../../build/miza build --build-base /home/lab-3d/dobot_ws/build/miza/build install --record /home/lab-3d/dobot_ws/build/miza/install.log --single-version-externally-managed install_data
