running egg_info
creating ../../../build/final_pkg/final_pkg.egg-info
writing ../../../build/final_pkg/final_pkg.egg-info/PKG-INFO
writing dependency_links to ../../../build/final_pkg/final_pkg.egg-info/dependency_links.txt
writing entry points to ../../../build/final_pkg/final_pkg.egg-info/entry_points.txt
writing requirements to ../../../build/final_pkg/final_pkg.egg-info/requires.txt
writing top-level names to ../../../build/final_pkg/final_pkg.egg-info/top_level.txt
writing manifest file '../../../build/final_pkg/final_pkg.egg-info/SOURCES.txt'
reading manifest file '../../../build/final_pkg/final_pkg.egg-info/SOURCES.txt'
writing manifest file '../../../build/final_pkg/final_pkg.egg-info/SOURCES.txt'
running build
running build_py
creating /home/lab-3d/dobot_ws/build/final_pkg/build
creating /home/lab-3d/dobot_ws/build/final_pkg/build/lib
creating /home/lab-3d/dobot_ws/build/final_pkg/build/lib/final_pkg
copying final_pkg/node_first.py -> /home/lab-3d/dobot_ws/build/final_pkg/build/lib/final_pkg
copying final_pkg/read_from_json.py -> /home/lab-3d/dobot_ws/build/final_pkg/build/lib/final_pkg
copying final_pkg/tmp_subscriber.py -> /home/lab-3d/dobot_ws/build/final_pkg/build/lib/final_pkg
copying final_pkg/test.py -> /home/lab-3d/dobot_ws/build/final_pkg/build/lib/final_pkg
copying final_pkg/subscriber.py -> /home/lab-3d/dobot_ws/build/final_pkg/build/lib/final_pkg
copying final_pkg/keyboard_listener.py -> /home/lab-3d/dobot_ws/build/final_pkg/build/lib/final_pkg
copying final_pkg/check_2.py -> /home/lab-3d/dobot_ws/build/final_pkg/build/lib/final_pkg
copying final_pkg/__init__.py -> /home/lab-3d/dobot_ws/build/final_pkg/build/lib/final_pkg
copying final_pkg/tmp.py -> /home/lab-3d/dobot_ws/build/final_pkg/build/lib/final_pkg
copying final_pkg/check.py -> /home/lab-3d/dobot_ws/build/final_pkg/build/lib/final_pkg
running install
running install_lib
creating /home/lab-3d/dobot_ws/install/final_pkg/lib/python3.10/site-packages/final_pkg
copying /home/lab-3d/dobot_ws/build/final_pkg/build/lib/final_pkg/node_first.py -> /home/lab-3d/dobot_ws/install/final_pkg/lib/python3.10/site-packages/final_pkg
copying /home/lab-3d/dobot_ws/build/final_pkg/build/lib/final_pkg/read_from_json.py -> /home/lab-3d/dobot_ws/install/final_pkg/lib/python3.10/site-packages/final_pkg
copying /home/lab-3d/dobot_ws/build/final_pkg/build/lib/final_pkg/tmp_subscriber.py -> /home/lab-3d/dobot_ws/install/final_pkg/lib/python3.10/site-packages/final_pkg
copying /home/lab-3d/dobot_ws/build/final_pkg/build/lib/final_pkg/test.py -> /home/lab-3d/dobot_ws/install/final_pkg/lib/python3.10/site-packages/final_pkg
copying /home/lab-3d/dobot_ws/build/final_pkg/build/lib/final_pkg/subscriber.py -> /home/lab-3d/dobot_ws/install/final_pkg/lib/python3.10/site-packages/final_pkg
copying /home/lab-3d/dobot_ws/build/final_pkg/build/lib/final_pkg/keyboard_listener.py -> /home/lab-3d/dobot_ws/install/final_pkg/lib/python3.10/site-packages/final_pkg
copying /home/lab-3d/dobot_ws/build/final_pkg/build/lib/final_pkg/check_2.py -> /home/lab-3d/dobot_ws/install/final_pkg/lib/python3.10/site-packages/final_pkg
copying /home/lab-3d/dobot_ws/build/final_pkg/build/lib/final_pkg/__init__.py -> /home/lab-3d/dobot_ws/install/final_pkg/lib/python3.10/site-packages/final_pkg
copying /home/lab-3d/dobot_ws/build/final_pkg/build/lib/final_pkg/tmp.py -> /home/lab-3d/dobot_ws/install/final_pkg/lib/python3.10/site-packages/final_pkg
copying /home/lab-3d/dobot_ws/build/final_pkg/build/lib/final_pkg/check.py -> /home/lab-3d/dobot_ws/install/final_pkg/lib/python3.10/site-packages/final_pkg
byte-compiling /home/lab-3d/dobot_ws/install/final_pkg/lib/python3.10/site-packages/final_pkg/node_first.py to node_first.cpython-310.pyc
byte-compiling /home/lab-3d/dobot_ws/install/final_pkg/lib/python3.10/site-packages/final_pkg/read_from_json.py to read_from_json.cpython-310.pyc
byte-compiling /home/lab-3d/dobot_ws/install/final_pkg/lib/python3.10/site-packages/final_pkg/tmp_subscriber.py to tmp_subscriber.cpython-310.pyc
byte-compiling /home/lab-3d/dobot_ws/install/final_pkg/lib/python3.10/site-packages/final_pkg/test.py to test.cpython-310.pyc
byte-compiling /home/lab-3d/dobot_ws/install/final_pkg/lib/python3.10/site-packages/final_pkg/subscriber.py to subscriber.cpython-310.pyc
byte-compiling /home/lab-3d/dobot_ws/install/final_pkg/lib/python3.10/site-packages/final_pkg/keyboard_listener.py to keyboard_listener.cpython-310.pyc
byte-compiling /home/lab-3d/dobot_ws/install/final_pkg/lib/python3.10/site-packages/final_pkg/check_2.py to check_2.cpython-310.pyc
byte-compiling /home/lab-3d/dobot_ws/install/final_pkg/lib/python3.10/site-packages/final_pkg/__init__.py to __init__.cpython-310.pyc
byte-compiling /home/lab-3d/dobot_ws/install/final_pkg/lib/python3.10/site-packages/final_pkg/tmp.py to tmp.cpython-310.pyc
byte-compiling /home/lab-3d/dobot_ws/install/final_pkg/lib/python3.10/site-packages/final_pkg/check.py to check.cpython-310.pyc
running install_data
creating /home/lab-3d/dobot_ws/install/final_pkg/share/ament_index
creating /home/lab-3d/dobot_ws/install/final_pkg/share/ament_index/resource_index
creating /home/lab-3d/dobot_ws/install/final_pkg/share/ament_index/resource_index/packages
copying resource/final_pkg -> /home/lab-3d/dobot_ws/install/final_pkg/share/ament_index/resource_index/packages
copying package.xml -> /home/lab-3d/dobot_ws/install/final_pkg/share/final_pkg
creating /home/lab-3d/dobot_ws/install/final_pkg/share/final_pkg/launch
copying launch/final_launch.py -> /home/lab-3d/dobot_ws/install/final_pkg/share/final_pkg/launch
running install_egg_info
Copying ../../../build/final_pkg/final_pkg.egg-info to /home/lab-3d/dobot_ws/install/final_pkg/lib/python3.10/site-packages/final_pkg-0.0.0-py3.10.egg-info
running install_scripts
Installing check script to /home/lab-3d/dobot_ws/install/final_pkg/lib/final_pkg
Installing check2 script to /home/lab-3d/dobot_ws/install/final_pkg/lib/final_pkg
Installing keyboard_listener script to /home/lab-3d/dobot_ws/install/final_pkg/lib/final_pkg
Installing node_first script to /home/lab-3d/dobot_ws/install/final_pkg/lib/final_pkg
Installing node_second script to /home/lab-3d/dobot_ws/install/final_pkg/lib/final_pkg
Installing node_second_zacetek script to /home/lab-3d/dobot_ws/install/final_pkg/lib/final_pkg
Installing read_from_json script to /home/lab-3d/dobot_ws/install/final_pkg/lib/final_pkg
Installing subscriber script to /home/lab-3d/dobot_ws/install/final_pkg/lib/final_pkg
Installing tmp script to /home/lab-3d/dobot_ws/install/final_pkg/lib/final_pkg
Installing tmp_sub script to /home/lab-3d/dobot_ws/install/final_pkg/lib/final_pkg
writing list of installed files to '/home/lab-3d/dobot_ws/build/final_pkg/install.log'
