[0.400s] Invoking command in '/home/lab-3d/dobot_ws/src/DOBOT_6Axis_ROS2_V4/final_pkg': CMAKE_PREFIX_PATH=/home/lab-3d/dobot_ws/install/dobot_msgs_v4:/home/lab-3d/dobot_ws/install/cr5_moveit:/home/lab-3d/dobot_ws/install/dobot_rviz:/home/lab-3d/dobot_ws/install/cr_robot_ros2:/home/lab-3d/dobot_ws/install/dobot_gazebo:/home/lab-3d/dobot_ws/install/cra_description PYTHONPATH=/home/lab-3d/dobot_ws/build/final_pkg/prefix_override:/usr/lib/python3/dist-packages/colcon_core/task/python/colcon_distutils_commands:/home/lab-3d/dobot_ws/install/final_pkg/lib/python3.10/site-packages:${PYTHONPATH} /usr/bin/python3 -W ignore:setup.py install is deprecated -W ignore:easy_install command is deprecated setup.py egg_info --egg-base ../../../build/final_pkg build --build-base /home/lab-3d/dobot_ws/build/final_pkg/build install --record /home/lab-3d/dobot_ws/build/final_pkg/install.log --single-version-externally-managed install_data
[0.557s] running egg_info
[0.557s] creating ../../../build/final_pkg/final_pkg.egg-info
[0.557s] writing ../../../build/final_pkg/final_pkg.egg-info/PKG-INFO
[0.557s] writing dependency_links to ../../../build/final_pkg/final_pkg.egg-info/dependency_links.txt
[0.557s] writing entry points to ../../../build/final_pkg/final_pkg.egg-info/entry_points.txt
[0.557s] writing requirements to ../../../build/final_pkg/final_pkg.egg-info/requires.txt
[0.557s] writing top-level names to ../../../build/final_pkg/final_pkg.egg-info/top_level.txt
[0.557s] writing manifest file '../../../build/final_pkg/final_pkg.egg-info/SOURCES.txt'
[0.558s] reading manifest file '../../../build/final_pkg/final_pkg.egg-info/SOURCES.txt'
[0.559s] writing manifest file '../../../build/final_pkg/final_pkg.egg-info/SOURCES.txt'
[0.559s] running build
[0.559s] running build_py
[0.559s] creating /home/lab-3d/dobot_ws/build/final_pkg/build
[0.559s] creating /home/lab-3d/dobot_ws/build/final_pkg/build/lib
[0.559s] creating /home/lab-3d/dobot_ws/build/final_pkg/build/lib/final_pkg
[0.559s] copying final_pkg/node_first.py -> /home/lab-3d/dobot_ws/build/final_pkg/build/lib/final_pkg
[0.559s] copying final_pkg/read_from_json.py -> /home/lab-3d/dobot_ws/build/final_pkg/build/lib/final_pkg
[0.559s] copying final_pkg/tmp_subscriber.py -> /home/lab-3d/dobot_ws/build/final_pkg/build/lib/final_pkg
[0.559s] copying final_pkg/test.py -> /home/lab-3d/dobot_ws/build/final_pkg/build/lib/final_pkg
[0.559s] copying final_pkg/subscriber.py -> /home/lab-3d/dobot_ws/build/final_pkg/build/lib/final_pkg
[0.559s] copying final_pkg/keyboard_listener.py -> /home/lab-3d/dobot_ws/build/final_pkg/build/lib/final_pkg
[0.559s] copying final_pkg/check_2.py -> /home/lab-3d/dobot_ws/build/final_pkg/build/lib/final_pkg
[0.559s] copying final_pkg/__init__.py -> /home/lab-3d/dobot_ws/build/final_pkg/build/lib/final_pkg
[0.559s] copying final_pkg/tmp.py -> /home/lab-3d/dobot_ws/build/final_pkg/build/lib/final_pkg
[0.559s] copying final_pkg/check.py -> /home/lab-3d/dobot_ws/build/final_pkg/build/lib/final_pkg
[0.559s] running install
[0.560s] running install_lib
[0.560s] creating /home/lab-3d/dobot_ws/install/final_pkg/lib/python3.10/site-packages/final_pkg
[0.560s] copying /home/lab-3d/dobot_ws/build/final_pkg/build/lib/final_pkg/node_first.py -> /home/lab-3d/dobot_ws/install/final_pkg/lib/python3.10/site-packages/final_pkg
[0.560s] copying /home/lab-3d/dobot_ws/build/final_pkg/build/lib/final_pkg/read_from_json.py -> /home/lab-3d/dobot_ws/install/final_pkg/lib/python3.10/site-packages/final_pkg
[0.560s] copying /home/lab-3d/dobot_ws/build/final_pkg/build/lib/final_pkg/tmp_subscriber.py -> /home/lab-3d/dobot_ws/install/final_pkg/lib/python3.10/site-packages/final_pkg
[0.560s] copying /home/lab-3d/dobot_ws/build/final_pkg/build/lib/final_pkg/test.py -> /home/lab-3d/dobot_ws/install/final_pkg/lib/python3.10/site-packages/final_pkg
[0.560s] copying /home/lab-3d/dobot_ws/build/final_pkg/build/lib/final_pkg/subscriber.py -> /home/lab-3d/dobot_ws/install/final_pkg/lib/python3.10/site-packages/final_pkg
[0.560s] copying /home/lab-3d/dobot_ws/build/final_pkg/build/lib/final_pkg/keyboard_listener.py -> /home/lab-3d/dobot_ws/install/final_pkg/lib/python3.10/site-packages/final_pkg
[0.560s] copying /home/lab-3d/dobot_ws/build/final_pkg/build/lib/final_pkg/check_2.py -> /home/lab-3d/dobot_ws/install/final_pkg/lib/python3.10/site-packages/final_pkg
[0.560s] copying /home/lab-3d/dobot_ws/build/final_pkg/build/lib/final_pkg/__init__.py -> /home/lab-3d/dobot_ws/install/final_pkg/lib/python3.10/site-packages/final_pkg
[0.560s] copying /home/lab-3d/dobot_ws/build/final_pkg/build/lib/final_pkg/tmp.py -> /home/lab-3d/dobot_ws/install/final_pkg/lib/python3.10/site-packages/final_pkg
[0.560s] copying /home/lab-3d/dobot_ws/build/final_pkg/build/lib/final_pkg/check.py -> /home/lab-3d/dobot_ws/install/final_pkg/lib/python3.10/site-packages/final_pkg
[0.560s] byte-compiling /home/lab-3d/dobot_ws/install/final_pkg/lib/python3.10/site-packages/final_pkg/node_first.py to node_first.cpython-310.pyc
[0.561s] byte-compiling /home/lab-3d/dobot_ws/install/final_pkg/lib/python3.10/site-packages/final_pkg/read_from_json.py to read_from_json.cpython-310.pyc
[0.561s] byte-compiling /home/lab-3d/dobot_ws/install/final_pkg/lib/python3.10/site-packages/final_pkg/tmp_subscriber.py to tmp_subscriber.cpython-310.pyc
[0.561s] byte-compiling /home/lab-3d/dobot_ws/install/final_pkg/lib/python3.10/site-packages/final_pkg/test.py to test.cpython-310.pyc
[0.562s] byte-compiling /home/lab-3d/dobot_ws/install/final_pkg/lib/python3.10/site-packages/final_pkg/subscriber.py to subscriber.cpython-310.pyc
[0.562s] byte-compiling /home/lab-3d/dobot_ws/install/final_pkg/lib/python3.10/site-packages/final_pkg/keyboard_listener.py to keyboard_listener.cpython-310.pyc
[0.562s] byte-compiling /home/lab-3d/dobot_ws/install/final_pkg/lib/python3.10/site-packages/final_pkg/check_2.py to check_2.cpython-310.pyc
[0.563s] byte-compiling /home/lab-3d/dobot_ws/install/final_pkg/lib/python3.10/site-packages/final_pkg/__init__.py to __init__.cpython-310.pyc
[0.563s] byte-compiling /home/lab-3d/dobot_ws/install/final_pkg/lib/python3.10/site-packages/final_pkg/tmp.py to tmp.cpython-310.pyc
[0.563s] byte-compiling /home/lab-3d/dobot_ws/install/final_pkg/lib/python3.10/site-packages/final_pkg/check.py to check.cpython-310.pyc
[0.564s] running install_data
[0.564s] creating /home/lab-3d/dobot_ws/install/final_pkg/share/ament_index
[0.564s] creating /home/lab-3d/dobot_ws/install/final_pkg/share/ament_index/resource_index
[0.564s] creating /home/lab-3d/dobot_ws/install/final_pkg/share/ament_index/resource_index/packages
[0.564s] copying resource/final_pkg -> /home/lab-3d/dobot_ws/install/final_pkg/share/ament_index/resource_index/packages
[0.564s] copying package.xml -> /home/lab-3d/dobot_ws/install/final_pkg/share/final_pkg
[0.564s] creating /home/lab-3d/dobot_ws/install/final_pkg/share/final_pkg/launch
[0.564s] copying launch/final_launch.py -> /home/lab-3d/dobot_ws/install/final_pkg/share/final_pkg/launch
[0.564s] running install_egg_info
[0.565s] Copying ../../../build/final_pkg/final_pkg.egg-info to /home/lab-3d/dobot_ws/install/final_pkg/lib/python3.10/site-packages/final_pkg-0.0.0-py3.10.egg-info
[0.565s] running install_scripts
[0.576s] Installing check script to /home/lab-3d/dobot_ws/install/final_pkg/lib/final_pkg
[0.576s] Installing check2 script to /home/lab-3d/dobot_ws/install/final_pkg/lib/final_pkg
[0.576s] Installing keyboard_listener script to /home/lab-3d/dobot_ws/install/final_pkg/lib/final_pkg
[0.576s] Installing node_first script to /home/lab-3d/dobot_ws/install/final_pkg/lib/final_pkg
[0.576s] Installing node_second script to /home/lab-3d/dobot_ws/install/final_pkg/lib/final_pkg
[0.576s] Installing node_second_zacetek script to /home/lab-3d/dobot_ws/install/final_pkg/lib/final_pkg
[0.576s] Installing read_from_json script to /home/lab-3d/dobot_ws/install/final_pkg/lib/final_pkg
[0.576s] Installing subscriber script to /home/lab-3d/dobot_ws/install/final_pkg/lib/final_pkg
[0.576s] Installing tmp script to /home/lab-3d/dobot_ws/install/final_pkg/lib/final_pkg
[0.576s] Installing tmp_sub script to /home/lab-3d/dobot_ws/install/final_pkg/lib/final_pkg
[0.576s] writing list of installed files to '/home/lab-3d/dobot_ws/build/final_pkg/install.log'
[0.589s] Invoked command in '/home/lab-3d/dobot_ws/src/DOBOT_6Axis_ROS2_V4/final_pkg' returned '0': CMAKE_PREFIX_PATH=/home/lab-3d/dobot_ws/install/dobot_msgs_v4:/home/lab-3d/dobot_ws/install/cr5_moveit:/home/lab-3d/dobot_ws/install/dobot_rviz:/home/lab-3d/dobot_ws/install/cr_robot_ros2:/home/lab-3d/dobot_ws/install/dobot_gazebo:/home/lab-3d/dobot_ws/install/cra_description PYTHONPATH=/home/lab-3d/dobot_ws/build/final_pkg/prefix_override:/usr/lib/python3/dist-packages/colcon_core/task/python/colcon_distutils_commands:/home/lab-3d/dobot_ws/install/final_pkg/lib/python3.10/site-packages:${PYTHONPATH} /usr/bin/python3 -W ignore:setup.py install is deprecated -W ignore:easy_install command is deprecated setup.py egg_info --egg-base ../../../build/final_pkg build --build-base /home/lab-3d/dobot_ws/build/final_pkg/build install --record /home/lab-3d/dobot_ws/build/final_pkg/install.log --single-version-externally-managed install_data
