/home/lab-3d/dobot_ws/install/kamera/lib/python3.10/site-packages/kamera/moj_zajem.py
/home/lab-3d/dobot_ws/install/kamera/lib/python3.10/site-packages/kamera/three_poses.py
/home/lab-3d/dobot_ws/install/kamera/lib/python3.10/site-packages/kamera/idea.py
/home/lab-3d/dobot_ws/install/kamera/lib/python3.10/site-packages/kamera/postopek.py
/home/lab-3d/dobot_ws/install/kamera/lib/python3.10/site-packages/kamera/slika_za_postopek.py
/home/lab-3d/dobot_ws/install/kamera/lib/python3.10/site-packages/kamera/zajem_tock.py
/home/lab-3d/dobot_ws/install/kamera/lib/python3.10/site-packages/kamera/poravnava.py
/home/lab-3d/dobot_ws/install/kamera/lib/python3.10/site-packages/kamera/__init__.py
/home/lab-3d/dobot_ws/install/kamera/lib/python3.10/site-packages/kamera/point_iz_glb_fund_mod.py
/home/lab-3d/dobot_ws/install/kamera/lib/python3.10/site-packages/kamera/improved_idea.py
/home/lab-3d/dobot_ws/install/kamera/lib/python3.10/site-packages/kamera/__pycache__/moj_zajem.cpython-310.pyc
/home/lab-3d/dobot_ws/install/kamera/lib/python3.10/site-packages/kamera/__pycache__/three_poses.cpython-310.pyc
/home/lab-3d/dobot_ws/install/kamera/lib/python3.10/site-packages/kamera/__pycache__/idea.cpython-310.pyc
/home/lab-3d/dobot_ws/install/kamera/lib/python3.10/site-packages/kamera/__pycache__/postopek.cpython-310.pyc
/home/lab-3d/dobot_ws/install/kamera/lib/python3.10/site-packages/kamera/__pycache__/slika_za_postopek.cpython-310.pyc
/home/lab-3d/dobot_ws/install/kamera/lib/python3.10/site-packages/kamera/__pycache__/zajem_tock.cpython-310.pyc
/home/lab-3d/dobot_ws/install/kamera/lib/python3.10/site-packages/kamera/__pycache__/poravnava.cpython-310.pyc
/home/lab-3d/dobot_ws/install/kamera/lib/python3.10/site-packages/kamera/__pycache__/__init__.cpython-310.pyc
/home/lab-3d/dobot_ws/install/kamera/lib/python3.10/site-packages/kamera/__pycache__/point_iz_glb_fund_mod.cpython-310.pyc
/home/lab-3d/dobot_ws/install/kamera/lib/python3.10/site-packages/kamera/__pycache__/improved_idea.cpython-310.pyc
/home/lab-3d/dobot_ws/install/kamera/share/ament_index/resource_index/packages/kamera
/home/lab-3d/dobot_ws/install/kamera/share/kamera/package.xml
/home/lab-3d/dobot_ws/install/kamera/lib/python3.10/site-packages/kamera-0.0.0-py3.10.egg-info/PKG-INFO
/home/lab-3d/dobot_ws/install/kamera/lib/python3.10/site-packages/kamera-0.0.0-py3.10.egg-info/requires.txt
/home/lab-3d/dobot_ws/install/kamera/lib/python3.10/site-packages/kamera-0.0.0-py3.10.egg-info/entry_points.txt
/home/lab-3d/dobot_ws/install/kamera/lib/python3.10/site-packages/kamera-0.0.0-py3.10.egg-info/zip-safe
/home/lab-3d/dobot_ws/install/kamera/lib/python3.10/site-packages/kamera-0.0.0-py3.10.egg-info/SOURCES.txt
/home/lab-3d/dobot_ws/install/kamera/lib/python3.10/site-packages/kamera-0.0.0-py3.10.egg-info/top_level.txt
/home/lab-3d/dobot_ws/install/kamera/lib/python3.10/site-packages/kamera-0.0.0-py3.10.egg-info/dependency_links.txt
/home/lab-3d/dobot_ws/install/kamera/lib/kamera/improved_idea
/home/lab-3d/dobot_ws/install/kamera/lib/kamera/poravnava
/home/lab-3d/dobot_ws/install/kamera/lib/kamera/zajem_tock
