[0.448s] Invoking command in '/home/lab-3d/dobot_ws/src/DOBOT_6Axis_ROS2_V4/final_pkg': CMAKE_PREFIX_PATH=/home/lab-3d/dobot_ws/install/dobot_msgs_v4:/home/lab-3d/dobot_ws/install/cr5_moveit:/home/lab-3d/dobot_ws/install/dobot_rviz:/home/lab-3d/dobot_ws/install/cr_robot_ros2:/home/lab-3d/dobot_ws/install/dobot_gazebo:/home/lab-3d/dobot_ws/install/cra_description PYTHONPATH=/home/lab-3d/dobot_ws/build/final_pkg/prefix_override:/usr/lib/python3/dist-packages/colcon_core/task/python/colcon_distutils_commands:/home/lab-3d/dobot_ws/install/final_pkg/lib/python3.10/site-packages:${PYTHONPATH} /usr/bin/python3 -W ignore:setup.py install is deprecated -W ignore:easy_install command is deprecated setup.py egg_info --egg-base ../../../build/final_pkg build --build-base /home/lab-3d/dobot_ws/build/final_pkg/build install --record /home/lab-3d/dobot_ws/build/final_pkg/install.log --single-version-externally-managed install_data
[0.610s] running egg_info
[0.610s] writing ../../../build/final_pkg/final_pkg.egg-info/PKG-INFO
[0.610s] writing dependency_links to ../../../build/final_pkg/final_pkg.egg-info/dependency_links.txt
[0.610s] writing entry points to ../../../build/final_pkg/final_pkg.egg-info/entry_points.txt
[0.610s] writing requirements to ../../../build/final_pkg/final_pkg.egg-info/requires.txt
[0.610s] writing top-level names to ../../../build/final_pkg/final_pkg.egg-info/top_level.txt
[0.612s] reading manifest file '../../../build/final_pkg/final_pkg.egg-info/SOURCES.txt'
[0.612s] writing manifest file '../../../build/final_pkg/final_pkg.egg-info/SOURCES.txt'
[0.612s] running build
[0.612s] running build_py
[0.612s] running install
[0.613s] running install_lib
[0.613s] running install_data
[0.613s] running install_egg_info
[0.614s] removing '/home/lab-3d/dobot_ws/install/final_pkg/lib/python3.10/site-packages/final_pkg-0.0.0-py3.10.egg-info' (and everything under it)
[0.615s] Copying ../../../build/final_pkg/final_pkg.egg-info to /home/lab-3d/dobot_ws/install/final_pkg/lib/python3.10/site-packages/final_pkg-0.0.0-py3.10.egg-info
[0.615s] running install_scripts
[0.626s] Installing check script to /home/lab-3d/dobot_ws/install/final_pkg/lib/final_pkg
[0.626s] Installing check2 script to /home/lab-3d/dobot_ws/install/final_pkg/lib/final_pkg
[0.626s] Installing keyboard_listener script to /home/lab-3d/dobot_ws/install/final_pkg/lib/final_pkg
[0.626s] Installing node_first script to /home/lab-3d/dobot_ws/install/final_pkg/lib/final_pkg
[0.626s] Installing node_second script to /home/lab-3d/dobot_ws/install/final_pkg/lib/final_pkg
[0.626s] Installing node_second_zacetek script to /home/lab-3d/dobot_ws/install/final_pkg/lib/final_pkg
[0.626s] Installing read_from_json script to /home/lab-3d/dobot_ws/install/final_pkg/lib/final_pkg
[0.626s] Installing subscriber script to /home/lab-3d/dobot_ws/install/final_pkg/lib/final_pkg
[0.626s] Installing tmp script to /home/lab-3d/dobot_ws/install/final_pkg/lib/final_pkg
[0.626s] Installing tmp_sub script to /home/lab-3d/dobot_ws/install/final_pkg/lib/final_pkg
[0.627s] writing list of installed files to '/home/lab-3d/dobot_ws/build/final_pkg/install.log'
[0.639s] Invoked command in '/home/lab-3d/dobot_ws/src/DOBOT_6Axis_ROS2_V4/final_pkg' returned '0': CMAKE_PREFIX_PATH=/home/lab-3d/dobot_ws/install/dobot_msgs_v4:/home/lab-3d/dobot_ws/install/cr5_moveit:/home/lab-3d/dobot_ws/install/dobot_rviz:/home/lab-3d/dobot_ws/install/cr_robot_ros2:/home/lab-3d/dobot_ws/install/dobot_gazebo:/home/lab-3d/dobot_ws/install/cra_description PYTHONPATH=/home/lab-3d/dobot_ws/build/final_pkg/prefix_override:/usr/lib/python3/dist-packages/colcon_core/task/python/colcon_distutils_commands:/home/lab-3d/dobot_ws/install/final_pkg/lib/python3.10/site-packages:${PYTHONPATH} /usr/bin/python3 -W ignore:setup.py install is deprecated -W ignore:easy_install command is deprecated setup.py egg_info --egg-base ../../../build/final_pkg build --build-base /home/lab-3d/dobot_ws/build/final_pkg/build install --record /home/lab-3d/dobot_ws/build/final_pkg/install.log --single-version-externally-managed install_data
