[0.015s] Invoking command in '/home/lab-3d/dobot_ws/build/dobot_gazebo': CMAKE_PREFIX_PATH=/home/lab-3d/dobot_ws/install/cra_description:/home/lab-3d/dobot_ws/install/cr5_moveit:/home/lab-3d/dobot_ws/install/dobot_rviz:/home/lab-3d/dobot_ws/install/cr_robot_ros2:/home/lab-3d/dobot_ws/install/dobot_msgs_v4:/home/lab-3d/dobot_ws/install/dobot_gazebo:/home/lab-3d/dobot_ws/install/tf_med_ks:/home/lab-3d/dobot_ws/install/simulacija:/home/lab-3d/dobot_ws/install/miza:/home/lab-3d/dobot_ws/install/kamera:/home/lab-3d/dobot_ws/install/final_pkg:/home/lab-3d/dobot_ws/install/dobot_moveit:/home/lab-3d/dobot_ws/install/dobot_demo:/opt/ros/humble /usr/bin/cmake /home/lab-3d/dobot_ws/src/DOBOT_6Axis_ROS2_V4/dobot_gazebo -DCMAKE_INSTALL_PREFIX=/home/lab-3d/dobot_ws/install/dobot_gazebo
[0.051s] -- The C compiler identification is GNU 11.4.0
[0.087s] -- The CXX compiler identification is GNU 11.4.0
[0.091s] -- Detecting C compiler ABI info
[0.146s] -- Detecting C compiler ABI info - done
[0.153s] -- Check for working C compiler: /usr/bin/cc - skipped
[0.153s] -- Detecting C compile features
[0.154s] -- Detecting C compile features - done
[0.156s] -- Detecting CXX compiler ABI info
[0.212s] -- Detecting CXX compiler ABI info - done
[0.218s] -- Check for working CXX compiler: /usr/bin/c++ - skipped
[0.219s] -- Detecting CXX compile features
[0.219s] -- Detecting CXX compile features - done
[0.220s] -- Found ament_cmake: 1.3.12 (/opt/ros/humble/share/ament_cmake/cmake)
[0.356s] -- Found Python3: /usr/bin/python3 (found version "3.10.12") found components: Interpreter 
[0.454s] -- Configuring done
[0.454s] -- Generating done
[0.455s] -- Build files have been written to: /home/lab-3d/dobot_ws/build/dobot_gazebo
[0.459s] Invoked command in '/home/lab-3d/dobot_ws/build/dobot_gazebo' returned '0': CMAKE_PREFIX_PATH=/home/lab-3d/dobot_ws/install/cra_description:/home/lab-3d/dobot_ws/install/cr5_moveit:/home/lab-3d/dobot_ws/install/dobot_rviz:/home/lab-3d/dobot_ws/install/cr_robot_ros2:/home/lab-3d/dobot_ws/install/dobot_msgs_v4:/home/lab-3d/dobot_ws/install/dobot_gazebo:/home/lab-3d/dobot_ws/install/tf_med_ks:/home/lab-3d/dobot_ws/install/simulacija:/home/lab-3d/dobot_ws/install/miza:/home/lab-3d/dobot_ws/install/kamera:/home/lab-3d/dobot_ws/install/final_pkg:/home/lab-3d/dobot_ws/install/dobot_moveit:/home/lab-3d/dobot_ws/install/dobot_demo:/opt/ros/humble /usr/bin/cmake /home/lab-3d/dobot_ws/src/DOBOT_6Axis_ROS2_V4/dobot_gazebo -DCMAKE_INSTALL_PREFIX=/home/lab-3d/dobot_ws/install/dobot_gazebo
[0.459s] Invoking command in '/home/lab-3d/dobot_ws/build/dobot_gazebo': CMAKE_PREFIX_PATH=/home/lab-3d/dobot_ws/install/cra_description:/home/lab-3d/dobot_ws/install/cr5_moveit:/home/lab-3d/dobot_ws/install/dobot_rviz:/home/lab-3d/dobot_ws/install/cr_robot_ros2:/home/lab-3d/dobot_ws/install/dobot_msgs_v4:/home/lab-3d/dobot_ws/install/dobot_gazebo:/home/lab-3d/dobot_ws/install/tf_med_ks:/home/lab-3d/dobot_ws/install/simulacija:/home/lab-3d/dobot_ws/install/miza:/home/lab-3d/dobot_ws/install/kamera:/home/lab-3d/dobot_ws/install/final_pkg:/home/lab-3d/dobot_ws/install/dobot_moveit:/home/lab-3d/dobot_ws/install/dobot_demo:/opt/ros/humble /usr/bin/cmake --build /home/lab-3d/dobot_ws/build/dobot_gazebo -- -j24 -l24
[0.484s] Invoked command in '/home/lab-3d/dobot_ws/build/dobot_gazebo' returned '0': CMAKE_PREFIX_PATH=/home/lab-3d/dobot_ws/install/cra_description:/home/lab-3d/dobot_ws/install/cr5_moveit:/home/lab-3d/dobot_ws/install/dobot_rviz:/home/lab-3d/dobot_ws/install/cr_robot_ros2:/home/lab-3d/dobot_ws/install/dobot_msgs_v4:/home/lab-3d/dobot_ws/install/dobot_gazebo:/home/lab-3d/dobot_ws/install/tf_med_ks:/home/lab-3d/dobot_ws/install/simulacija:/home/lab-3d/dobot_ws/install/miza:/home/lab-3d/dobot_ws/install/kamera:/home/lab-3d/dobot_ws/install/final_pkg:/home/lab-3d/dobot_ws/install/dobot_moveit:/home/lab-3d/dobot_ws/install/dobot_demo:/opt/ros/humble /usr/bin/cmake --build /home/lab-3d/dobot_ws/build/dobot_gazebo -- -j24 -l24
[0.484s] Invoking command in '/home/lab-3d/dobot_ws/build/dobot_gazebo': CMAKE_PREFIX_PATH=/home/lab-3d/dobot_ws/install/cra_description:/home/lab-3d/dobot_ws/install/cr5_moveit:/home/lab-3d/dobot_ws/install/dobot_rviz:/home/lab-3d/dobot_ws/install/cr_robot_ros2:/home/lab-3d/dobot_ws/install/dobot_msgs_v4:/home/lab-3d/dobot_ws/install/dobot_gazebo:/home/lab-3d/dobot_ws/install/tf_med_ks:/home/lab-3d/dobot_ws/install/simulacija:/home/lab-3d/dobot_ws/install/miza:/home/lab-3d/dobot_ws/install/kamera:/home/lab-3d/dobot_ws/install/final_pkg:/home/lab-3d/dobot_ws/install/dobot_moveit:/home/lab-3d/dobot_ws/install/dobot_demo:/opt/ros/humble /usr/bin/cmake --install /home/lab-3d/dobot_ws/build/dobot_gazebo
[0.490s] -- Install configuration: ""
[0.490s] -- Installing: /home/lab-3d/dobot_ws/install/dobot_gazebo/share/dobot_gazebo/launch
[0.490s] -- Installing: /home/lab-3d/dobot_ws/install/dobot_gazebo/share/dobot_gazebo/launch/dobot_gazebo.launch.py
[0.490s] -- Installing: /home/lab-3d/dobot_ws/install/dobot_gazebo/share/dobot_gazebo/launch/gazebo_moveit.launch.py
[0.491s] -- Installing: /home/lab-3d/dobot_ws/install/dobot_gazebo/share/dobot_gazebo/worlds
[0.491s] -- Installing: /home/lab-3d/dobot_ws/install/dobot_gazebo/share/dobot_gazebo/worlds/cr.world
[0.491s] -- Installing: /home/lab-3d/dobot_ws/install/dobot_gazebo/share/dobot_gazebo/config
[0.491s] -- Installing: /home/lab-3d/dobot_ws/install/dobot_gazebo/share/dobot_gazebo/config/model.config
[0.491s] -- Installing: /home/lab-3d/dobot_ws/install/dobot_gazebo/share/dobot_gazebo/config/moveitcpp.rviz
[0.491s] -- Installing: /home/lab-3d/dobot_ws/install/dobot_gazebo/share/ament_index/resource_index/package_run_dependencies/dobot_gazebo
[0.491s] -- Installing: /home/lab-3d/dobot_ws/install/dobot_gazebo/share/ament_index/resource_index/parent_prefix_path/dobot_gazebo
[0.491s] -- Installing: /home/lab-3d/dobot_ws/install/dobot_gazebo/share/dobot_gazebo/environment/ament_prefix_path.sh
[0.491s] -- Installing: /home/lab-3d/dobot_ws/install/dobot_gazebo/share/dobot_gazebo/environment/ament_prefix_path.dsv
[0.492s] -- Installing: /home/lab-3d/dobot_ws/install/dobot_gazebo/share/dobot_gazebo/environment/path.sh
[0.492s] -- Installing: /home/lab-3d/dobot_ws/install/dobot_gazebo/share/dobot_gazebo/environment/path.dsv
[0.492s] -- Installing: /home/lab-3d/dobot_ws/install/dobot_gazebo/share/dobot_gazebo/local_setup.bash
[0.492s] -- Installing: /home/lab-3d/dobot_ws/install/dobot_gazebo/share/dobot_gazebo/local_setup.sh
[0.492s] -- Installing: /home/lab-3d/dobot_ws/install/dobot_gazebo/share/dobot_gazebo/local_setup.zsh
[0.492s] -- Installing: /home/lab-3d/dobot_ws/install/dobot_gazebo/share/dobot_gazebo/local_setup.dsv
[0.492s] -- Installing: /home/lab-3d/dobot_ws/install/dobot_gazebo/share/dobot_gazebo/package.dsv
[0.492s] -- Installing: /home/lab-3d/dobot_ws/install/dobot_gazebo/share/ament_index/resource_index/packages/dobot_gazebo
[0.492s] -- Installing: /home/lab-3d/dobot_ws/install/dobot_gazebo/share/dobot_gazebo/cmake/dobot_gazeboConfig.cmake
[0.492s] -- Installing: /home/lab-3d/dobot_ws/install/dobot_gazebo/share/dobot_gazebo/cmake/dobot_gazeboConfig-version.cmake
[0.492s] -- Installing: /home/lab-3d/dobot_ws/install/dobot_gazebo/share/dobot_gazebo/package.xml
[0.494s] Invoked command in '/home/lab-3d/dobot_ws/build/dobot_gazebo' returned '0': CMAKE_PREFIX_PATH=/home/lab-3d/dobot_ws/install/cra_description:/home/lab-3d/dobot_ws/install/cr5_moveit:/home/lab-3d/dobot_ws/install/dobot_rviz:/home/lab-3d/dobot_ws/install/cr_robot_ros2:/home/lab-3d/dobot_ws/install/dobot_msgs_v4:/home/lab-3d/dobot_ws/install/dobot_gazebo:/home/lab-3d/dobot_ws/install/tf_med_ks:/home/lab-3d/dobot_ws/install/simulacija:/home/lab-3d/dobot_ws/install/miza:/home/lab-3d/dobot_ws/install/kamera:/home/lab-3d/dobot_ws/install/final_pkg:/home/lab-3d/dobot_ws/install/dobot_moveit:/home/lab-3d/dobot_ws/install/dobot_demo:/opt/ros/humble /usr/bin/cmake --install /home/lab-3d/dobot_ws/build/dobot_gazebo
