running egg_info
creating ../../../build/dobot_demo/dobot_demo.egg-info
writing ../../../build/dobot_demo/dobot_demo.egg-info/PKG-INFO
writing dependency_links to ../../../build/dobot_demo/dobot_demo.egg-info/dependency_links.txt
writing entry points to ../../../build/dobot_demo/dobot_demo.egg-info/entry_points.txt
writing requirements to ../../../build/dobot_demo/dobot_demo.egg-info/requires.txt
writing top-level names to ../../../build/dobot_demo/dobot_demo.egg-info/top_level.txt
writing manifest file '../../../build/dobot_demo/dobot_demo.egg-info/SOURCES.txt'
reading manifest file '../../../build/dobot_demo/dobot_demo.egg-info/SOURCES.txt'
writing manifest file '../../../build/dobot_demo/dobot_demo.egg-info/SOURCES.txt'
running build
running install
running install_data
creating /home/lab-3d/dobot_ws/install/dobot_demo/share/ament_index
creating /home/lab-3d/dobot_ws/install/dobot_demo/share/ament_index/resource_index
creating /home/lab-3d/dobot_ws/install/dobot_demo/share/ament_index/resource_index/packages
copying resource/dobot_demo -> /home/lab-3d/dobot_ws/install/dobot_demo/share/ament_index/resource_index/packages
copying package.xml -> /home/lab-3d/dobot_ws/install/dobot_demo/share/dobot_demo
running install_egg_info
Copying ../../../build/dobot_demo/dobot_demo.egg-info to /home/lab-3d/dobot_ws/install/dobot_demo/lib/python3.10/site-packages/dobot_demo-0.0.0-py3.10.egg-info
running install_scripts
Installing demo script to /home/lab-3d/dobot_ws/install/dobot_demo/lib/dobot_demo
writing list of installed files to '/home/lab-3d/dobot_ws/build/dobot_demo/install.log'
