[1.322s] Invoking command in '/home/lab-3d/dobot_ws/src/DOBOT_6Axis_ROS2_V4/dobot_demo': PYTHONPATH=/home/lab-3d/dobot_ws/build/dobot_demo/prefix_override:/usr/lib/python3/dist-packages/colcon_core/task/python/colcon_distutils_commands:/home/lab-3d/dobot_ws/install/dobot_demo/lib/python3.10/site-packages:${PYTHONPATH} /usr/bin/python3 -W ignore:setup.py install is deprecated -W ignore:easy_install command is deprecated setup.py egg_info --egg-base ../../../build/dobot_demo build --build-base /home/lab-3d/dobot_ws/build/dobot_demo/build install --record /home/lab-3d/dobot_ws/build/dobot_demo/install.log --single-version-externally-managed install_data
[1.483s] running egg_info
[1.483s] creating ../../../build/dobot_demo/dobot_demo.egg-info
[1.484s] writing ../../../build/dobot_demo/dobot_demo.egg-info/PKG-INFO
[1.484s] writing dependency_links to ../../../build/dobot_demo/dobot_demo.egg-info/dependency_links.txt
[1.484s] writing entry points to ../../../build/dobot_demo/dobot_demo.egg-info/entry_points.txt
[1.484s] writing requirements to ../../../build/dobot_demo/dobot_demo.egg-info/requires.txt
[1.484s] writing top-level names to ../../../build/dobot_demo/dobot_demo.egg-info/top_level.txt
[1.484s] writing manifest file '../../../build/dobot_demo/dobot_demo.egg-info/SOURCES.txt'
[1.484s] reading manifest file '../../../build/dobot_demo/dobot_demo.egg-info/SOURCES.txt'
[1.485s] writing manifest file '../../../build/dobot_demo/dobot_demo.egg-info/SOURCES.txt'
[1.485s] running build
[1.485s] running install
[1.485s] running install_data
[1.485s] creating /home/lab-3d/dobot_ws/install/dobot_demo/share/ament_index
[1.485s] creating /home/lab-3d/dobot_ws/install/dobot_demo/share/ament_index/resource_index
[1.485s] creating /home/lab-3d/dobot_ws/install/dobot_demo/share/ament_index/resource_index/packages
[1.485s] copying resource/dobot_demo -> /home/lab-3d/dobot_ws/install/dobot_demo/share/ament_index/resource_index/packages
[1.485s] copying package.xml -> /home/lab-3d/dobot_ws/install/dobot_demo/share/dobot_demo
[1.485s] running install_egg_info
[1.487s] Copying ../../../build/dobot_demo/dobot_demo.egg-info to /home/lab-3d/dobot_ws/install/dobot_demo/lib/python3.10/site-packages/dobot_demo-0.0.0-py3.10.egg-info
[1.487s] running install_scripts
[1.499s] Installing demo script to /home/lab-3d/dobot_ws/install/dobot_demo/lib/dobot_demo
[1.499s] writing list of installed files to '/home/lab-3d/dobot_ws/build/dobot_demo/install.log'
[1.516s] Invoked command in '/home/lab-3d/dobot_ws/src/DOBOT_6Axis_ROS2_V4/dobot_demo' returned '0': PYTHONPATH=/home/lab-3d/dobot_ws/build/dobot_demo/prefix_override:/usr/lib/python3/dist-packages/colcon_core/task/python/colcon_distutils_commands:/home/lab-3d/dobot_ws/install/dobot_demo/lib/python3.10/site-packages:${PYTHONPATH} /usr/bin/python3 -W ignore:setup.py install is deprecated -W ignore:easy_install command is deprecated setup.py egg_info --egg-base ../../../build/dobot_demo build --build-base /home/lab-3d/dobot_ws/build/dobot_demo/build install --record /home/lab-3d/dobot_ws/build/dobot_demo/install.log --single-version-externally-managed install_data
