running egg_info
writing ../../../build/simulacija/simulacija.egg-info/PKG-INFO
writing dependency_links to ../../../build/simulacija/simulacija.egg-info/dependency_links.txt
writing entry points to ../../../build/simulacija/simulacija.egg-info/entry_points.txt
writing requirements to ../../../build/simulacija/simulacija.egg-info/requires.txt
writing top-level names to ../../../build/simulacija/simulacija.egg-info/top_level.txt
reading manifest file '../../../build/simulacija/simulacija.egg-info/SOURCES.txt'
writing manifest file '../../../build/simulacija/simulacija.egg-info/SOURCES.txt'
running build
running build_py
running install
running install_lib
running install_data
running install_egg_info
removing '/home/lab-3d/dobot_ws/install/simulacija/lib/python3.10/site-packages/simulacija-0.0.0-py3.10.egg-info' (and everything under it)
Copying ../../../build/simulacija/simulacija.egg-info to /home/lab-3d/dobot_ws/install/simulacija/lib/python3.10/site-packages/simulacija-0.0.0-py3.10.egg-info
running install_scripts
Installing inverse script to /home/lab-3d/dobot_ws/install/simulacija/lib/simulacija
Installing premik script to /home/lab-3d/dobot_ws/install/simulacija/lib/simulacija
writing list of installed files to '/home/lab-3d/dobot_ws/build/simulacija/install.log'
