[1.407s] Invoking command in '/home/lab-3d/dobot_ws/src/DOBOT_6Axis_ROS2_V4/tf_med_ks': PYTHONPATH=/home/lab-3d/dobot_ws/build/tf_med_ks/prefix_override:/usr/lib/python3/dist-packages/colcon_core/task/python/colcon_distutils_commands:/home/lab-3d/dobot_ws/install/tf_med_ks/lib/python3.10/site-packages:${PYTHONPATH} /usr/bin/python3 -W ignore:setup.py install is deprecated -W ignore:easy_install command is deprecated setup.py egg_info --egg-base ../../../build/tf_med_ks build --build-base /home/lab-3d/dobot_ws/build/tf_med_ks/build install --record /home/lab-3d/dobot_ws/build/tf_med_ks/install.log --single-version-externally-managed install_data
[1.565s] running egg_info
[1.565s] writing ../../../build/tf_med_ks/tf_med_ks.egg-info/PKG-INFO
[1.565s] writing dependency_links to ../../../build/tf_med_ks/tf_med_ks.egg-info/dependency_links.txt
[1.565s] writing entry points to ../../../build/tf_med_ks/tf_med_ks.egg-info/entry_points.txt
[1.565s] writing requirements to ../../../build/tf_med_ks/tf_med_ks.egg-info/requires.txt
[1.565s] writing top-level names to ../../../build/tf_med_ks/tf_med_ks.egg-info/top_level.txt
[1.567s] reading manifest file '../../../build/tf_med_ks/tf_med_ks.egg-info/SOURCES.txt'
[1.567s] writing manifest file '../../../build/tf_med_ks/tf_med_ks.egg-info/SOURCES.txt'
[1.567s] running build
[1.567s] running build_py
[1.568s] copying tf_med_ks/marker.py -> /home/lab-3d/dobot_ws/build/tf_med_ks/build/lib/tf_med_ks
[1.568s] running install
[1.568s] running install_lib
[1.568s] copying /home/lab-3d/dobot_ws/build/tf_med_ks/build/lib/tf_med_ks/marker.py -> /home/lab-3d/dobot_ws/install/tf_med_ks/lib/python3.10/site-packages/tf_med_ks
[1.569s] byte-compiling /home/lab-3d/dobot_ws/install/tf_med_ks/lib/python3.10/site-packages/tf_med_ks/marker.py to marker.cpython-310.pyc
[1.569s] running install_data
[1.569s] running install_egg_info
[1.571s] removing '/home/lab-3d/dobot_ws/install/tf_med_ks/lib/python3.10/site-packages/tf_med_ks-0.0.0-py3.10.egg-info' (and everything under it)
[1.571s] Copying ../../../build/tf_med_ks/tf_med_ks.egg-info to /home/lab-3d/dobot_ws/install/tf_med_ks/lib/python3.10/site-packages/tf_med_ks-0.0.0-py3.10.egg-info
[1.571s] running install_scripts
[1.583s] Installing fejk_jakob script to /home/lab-3d/dobot_ws/install/tf_med_ks/lib/tf_med_ks
[1.583s] Installing from_tool_to_table script to /home/lab-3d/dobot_ws/install/tf_med_ks/lib/tf_med_ks
[1.583s] Installing inverse script to /home/lab-3d/dobot_ws/install/tf_med_ks/lib/tf_med_ks
[1.583s] Installing inverse_kin script to /home/lab-3d/dobot_ws/install/tf_med_ks/lib/tf_med_ks
[1.583s] Installing inverse_move_it script to /home/lab-3d/dobot_ws/install/tf_med_ks/lib/tf_med_ks
[1.583s] Installing kamera script to /home/lab-3d/dobot_ws/install/tf_med_ks/lib/tf_med_ks
[1.583s] Installing marker script to /home/lab-3d/dobot_ws/install/tf_med_ks/lib/tf_med_ks
[1.583s] Installing marker2 script to /home/lab-3d/dobot_ws/install/tf_med_ks/lib/tf_med_ks
[1.583s] Installing static_tf_broad script to /home/lab-3d/dobot_ws/install/tf_med_ks/lib/tf_med_ks
[1.583s] Installing trans_matrix script to /home/lab-3d/dobot_ws/install/tf_med_ks/lib/tf_med_ks
[1.583s] writing list of installed files to '/home/lab-3d/dobot_ws/build/tf_med_ks/install.log'
[1.615s] Invoked command in '/home/lab-3d/dobot_ws/src/DOBOT_6Axis_ROS2_V4/tf_med_ks' returned '0': PYTHONPATH=/home/lab-3d/dobot_ws/build/tf_med_ks/prefix_override:/usr/lib/python3/dist-packages/colcon_core/task/python/colcon_distutils_commands:/home/lab-3d/dobot_ws/install/tf_med_ks/lib/python3.10/site-packages:${PYTHONPATH} /usr/bin/python3 -W ignore:setup.py install is deprecated -W ignore:easy_install command is deprecated setup.py egg_info --egg-base ../../../build/tf_med_ks build --build-base /home/lab-3d/dobot_ws/build/tf_med_ks/build install --record /home/lab-3d/dobot_ws/build/tf_med_ks/install.log --single-version-externally-managed install_data
