[1.409s] Invoking command in '/home/lab-3d/dobot_ws/src/DOBOT_6Axis_ROS2_V4/miza': PYTHONPATH=/home/lab-3d/dobot_ws/build/miza/prefix_override:/usr/lib/python3/dist-packages/colcon_core/task/python/colcon_distutils_commands:/home/lab-3d/dobot_ws/install/miza/lib/python3.10/site-packages:${PYTHONPATH} /usr/bin/python3 -W ignore:setup.py install is deprecated -W ignore:easy_install command is deprecated setup.py egg_info --egg-base ../../../build/miza build --build-base /home/lab-3d/dobot_ws/build/miza/build install --record /home/lab-3d/dobot_ws/build/miza/install.log --single-version-externally-managed install_data
[1.614s] running egg_info
[1.614s] writing ../../../build/miza/miza.egg-info/PKG-INFO
[1.614s] writing dependency_links to ../../../build/miza/miza.egg-info/dependency_links.txt
[1.614s] writing entry points to ../../../build/miza/miza.egg-info/entry_points.txt
[1.614s] writing requirements to ../../../build/miza/miza.egg-info/requires.txt
[1.614s] writing top-level names to ../../../build/miza/miza.egg-info/top_level.txt
[1.615s] reading manifest file '../../../build/miza/miza.egg-info/SOURCES.txt'
[1.616s] writing manifest file '../../../build/miza/miza.egg-info/SOURCES.txt'
[1.616s] running build
[1.616s] running build_py
[1.616s] running install
[1.616s] running install_lib
[1.617s] running install_data
[1.617s] running install_egg_info
[1.619s] removing '/home/lab-3d/dobot_ws/install/miza/lib/python3.10/site-packages/miza-0.0.0-py3.10.egg-info' (and everything under it)
[1.619s] Copying ../../../build/miza/miza.egg-info to /home/lab-3d/dobot_ws/install/miza/lib/python3.10/site-packages/miza-0.0.0-py3.10.egg-info
[1.619s] running install_scripts
[1.630s] Installing miza_client script to /home/lab-3d/dobot_ws/install/miza/lib/miza
[1.630s] Installing povezava script to /home/lab-3d/dobot_ws/install/miza/lib/miza
[1.630s] writing list of installed files to '/home/lab-3d/dobot_ws/build/miza/install.log'
[1.647s] Invoked command in '/home/lab-3d/dobot_ws/src/DOBOT_6Axis_ROS2_V4/miza' returned '0': PYTHONPATH=/home/lab-3d/dobot_ws/build/miza/prefix_override:/usr/lib/python3/dist-packages/colcon_core/task/python/colcon_distutils_commands:/home/lab-3d/dobot_ws/install/miza/lib/python3.10/site-packages:${PYTHONPATH} /usr/bin/python3 -W ignore:setup.py install is deprecated -W ignore:easy_install command is deprecated setup.py egg_info --egg-base ../../../build/miza build --build-base /home/lab-3d/dobot_ws/build/miza/build install --record /home/lab-3d/dobot_ws/build/miza/install.log --single-version-externally-managed install_data
