/home/lab-3d/dobot_ws/install/final_pkg/lib/python3.10/site-packages/final_pkg/node_first.py
/home/lab-3d/dobot_ws/install/final_pkg/lib/python3.10/site-packages/final_pkg/read_from_json.py
/home/lab-3d/dobot_ws/install/final_pkg/lib/python3.10/site-packages/final_pkg/tmp_subscriber.py
/home/lab-3d/dobot_ws/install/final_pkg/lib/python3.10/site-packages/final_pkg/test.py
/home/lab-3d/dobot_ws/install/final_pkg/lib/python3.10/site-packages/final_pkg/subscriber.py
/home/lab-3d/dobot_ws/install/final_pkg/lib/python3.10/site-packages/final_pkg/keyboard_listener.py
/home/lab-3d/dobot_ws/install/final_pkg/lib/python3.10/site-packages/final_pkg/check_2.py
/home/lab-3d/dobot_ws/install/final_pkg/lib/python3.10/site-packages/final_pkg/__init__.py
/home/lab-3d/dobot_ws/install/final_pkg/lib/python3.10/site-packages/final_pkg/tmp.py
/home/lab-3d/dobot_ws/install/final_pkg/lib/python3.10/site-packages/final_pkg/check.py
/home/lab-3d/dobot_ws/install/final_pkg/lib/python3.10/site-packages/final_pkg/__pycache__/node_first.cpython-310.pyc
/home/lab-3d/dobot_ws/install/final_pkg/lib/python3.10/site-packages/final_pkg/__pycache__/read_from_json.cpython-310.pyc
/home/lab-3d/dobot_ws/install/final_pkg/lib/python3.10/site-packages/final_pkg/__pycache__/tmp_subscriber.cpython-310.pyc
/home/lab-3d/dobot_ws/install/final_pkg/lib/python3.10/site-packages/final_pkg/__pycache__/test.cpython-310.pyc
/home/lab-3d/dobot_ws/install/final_pkg/lib/python3.10/site-packages/final_pkg/__pycache__/subscriber.cpython-310.pyc
/home/lab-3d/dobot_ws/install/final_pkg/lib/python3.10/site-packages/final_pkg/__pycache__/keyboard_listener.cpython-310.pyc
/home/lab-3d/dobot_ws/install/final_pkg/lib/python3.10/site-packages/final_pkg/__pycache__/check_2.cpython-310.pyc
/home/lab-3d/dobot_ws/install/final_pkg/lib/python3.10/site-packages/final_pkg/__pycache__/__init__.cpython-310.pyc
/home/lab-3d/dobot_ws/install/final_pkg/lib/python3.10/site-packages/final_pkg/__pycache__/tmp.cpython-310.pyc
/home/lab-3d/dobot_ws/install/final_pkg/lib/python3.10/site-packages/final_pkg/__pycache__/check.cpython-310.pyc
/home/lab-3d/dobot_ws/install/final_pkg/share/ament_index/resource_index/packages/final_pkg
/home/lab-3d/dobot_ws/install/final_pkg/share/final_pkg/package.xml
/home/lab-3d/dobot_ws/install/final_pkg/share/final_pkg/launch/final_launch.py
/home/lab-3d/dobot_ws/install/final_pkg/lib/python3.10/site-packages/final_pkg-0.0.0-py3.10.egg-info/PKG-INFO
/home/lab-3d/dobot_ws/install/final_pkg/lib/python3.10/site-packages/final_pkg-0.0.0-py3.10.egg-info/requires.txt
/home/lab-3d/dobot_ws/install/final_pkg/lib/python3.10/site-packages/final_pkg-0.0.0-py3.10.egg-info/entry_points.txt
/home/lab-3d/dobot_ws/install/final_pkg/lib/python3.10/site-packages/final_pkg-0.0.0-py3.10.egg-info/zip-safe
/home/lab-3d/dobot_ws/install/final_pkg/lib/python3.10/site-packages/final_pkg-0.0.0-py3.10.egg-info/SOURCES.txt
/home/lab-3d/dobot_ws/install/final_pkg/lib/python3.10/site-packages/final_pkg-0.0.0-py3.10.egg-info/top_level.txt
/home/lab-3d/dobot_ws/install/final_pkg/lib/python3.10/site-packages/final_pkg-0.0.0-py3.10.egg-info/dependency_links.txt
/home/lab-3d/dobot_ws/install/final_pkg/lib/final_pkg/check
/home/lab-3d/dobot_ws/install/final_pkg/lib/final_pkg/check2
/home/lab-3d/dobot_ws/install/final_pkg/lib/final_pkg/keyboard_listener
/home/lab-3d/dobot_ws/install/final_pkg/lib/final_pkg/node_first
/home/lab-3d/dobot_ws/install/final_pkg/lib/final_pkg/node_second
/home/lab-3d/dobot_ws/install/final_pkg/lib/final_pkg/node_second_zacetek
/home/lab-3d/dobot_ws/install/final_pkg/lib/final_pkg/read_from_json
/home/lab-3d/dobot_ws/install/final_pkg/lib/final_pkg/subscriber
/home/lab-3d/dobot_ws/install/final_pkg/lib/final_pkg/tmp
/home/lab-3d/dobot_ws/install/final_pkg/lib/final_pkg/tmp_sub
